#-----------------------------------------------------------
# Vivado v2019.1 (64-bit)
# SW Build 2552052 on Fri May 24 14:49:42 MDT 2019
# IP Build 2548770 on Fri May 24 18:01:18 MDT 2019
# Start of session at: Mon Feb 21 03:41:42 2022
# Process ID: 20520
# Current directory: C:/Users/yvvan/Documents/Research/Vivado_Verilog_Tutorial/lab1/lab1_3_2_mux_2bit_2_1_behavioral
# Command line: vivado.exe -gui_launcher_event rodinguilauncherevent20976 C:\Users\yvvan\Documents\Research\Vivado_Verilog_Tutorial\lab1\lab1_3_2_mux_2bit_2_1_behavioral\lab1_3_2.xpr
# Log file: C:/Users/yvvan/Documents/Research/Vivado_Verilog_Tutorial/lab1/lab1_3_2_mux_2bit_2_1_behavioral/vivado.log
# Journal file: C:/Users/yvvan/Documents/Research/Vivado_Verilog_Tutorial/lab1/lab1_3_2_mux_2bit_2_1_behavioral\vivado.jou
#-----------------------------------------------------------
start_gui
open_project C:/Users/yvvan/Documents/Research/Vivado_Verilog_Tutorial/lab1/lab1_3_2_mux_2bit_2_1_behavioral/lab1_3_2.xpr
INFO: [ProjectBase 1-489] The host OS only allows 260 characters in a normal path. The project is stored in a path with more than 80 characters. If you experience issues with IP, Block Designs, or files not being found, please consider moving the project to a location with a shorter path. Alternately consider using the OS subst command to map part of the path to a drive letter.
Current project path is 'C:/Users/yvvan/Documents/Research/Vivado_Verilog_Tutorial/lab1/lab1_3_2_mux_2bit_2_1_behavioral'
INFO: [Project 1-313] Project file moved from 'C:/Users/yvvan/Documents/Research/Vivado_Verilog_Tutorial/lab1/lab1_3_2' since last save.
CRITICAL WARNING: [Project 1-311] Could not find the file 'C:/Users/yvvan/Documents/Research/Vivado_Verilog_Tutorial/lab1/lab1_3_2_mux_2bit_2_1_behavioral/lab1_3_2.srcs/sources_1/new/lab1_3_2.v', nor could it be found using path 'C:/Users/yvvan/Documents/Research/Vivado_Verilog_Tutorial/lab1/lab1_3_2/lab1_3_2.srcs/sources_1/new/lab1_3_2.v'.
Scanning sources...
Finished scanning sources
INFO: [IP_Flow 19-234] Refreshing IP repositories
INFO: [IP_Flow 19-1704] No user IP repositories specified
INFO: [IP_Flow 19-2313] Loaded Vivado IP repository 'C:/Xilinx/Vivado/2019.1/data/ip'.
open_project: Time (s): cpu = 00:00:18 ; elapsed = 00:00:08 . Memory (MB): peak = 856.922 ; gain = 173.719
update_compile_order -fileset sources_1
add_files -norecurse C:/Users/yvvan/Documents/Research/Vivado_Verilog_Tutorial/lab1/lab1_3_2_mux_2bit_2_1_behavioral/lab1_3_2.srcs/sources_1/new/mux_2bit_2_1_behavioral.v
exit
INFO: [Common 17-206] Exiting Vivado at Mon Feb 21 03:44:47 2022...
