#-----------------------------------------------------------
# Vivado v2019.1 (64-bit)
# SW Build 2552052 on Fri May 24 14:49:42 MDT 2019
# IP Build 2548770 on Fri May 24 18:01:18 MDT 2019
# Start of session at: Fri Mar 25 17:19:21 2022
# Process ID: 12896
# Current directory: C:/Users/yvvan/Documents/Research/Vivado_Verilog_Tutorial/lab10/lab10_2_1
# Command line: vivado.exe -gui_launcher_event rodinguilauncherevent16388 C:\Users\yvvan\Documents\Research\Vivado_Verilog_Tutorial\lab10\lab10_2_1\lab10_2_1.xpr
# Log file: C:/Users/yvvan/Documents/Research/Vivado_Verilog_Tutorial/lab10/lab10_2_1/vivado.log
# Journal file: C:/Users/yvvan/Documents/Research/Vivado_Verilog_Tutorial/lab10/lab10_2_1\vivado.jou
#-----------------------------------------------------------
start_gui
open_project C:/Users/yvvan/Documents/Research/Vivado_Verilog_Tutorial/lab10/lab10_2_1/lab10_2_1.xpr
Scanning sources...
Finished scanning sources
INFO: [IP_Flow 19-234] Refreshing IP repositories
INFO: [IP_Flow 19-1704] No user IP repositories specified
INFO: [IP_Flow 19-2313] Loaded Vivado IP repository 'C:/Xilinx/Vivado/2019.1/data/ip'.
open_project: Time (s): cpu = 00:00:35 ; elapsed = 00:00:25 . Memory (MB): peak = 809.531 ; gain = 165.199
update_compile_order -fileset sources_1
exit
INFO: [Common 17-206] Exiting Vivado at Fri Mar 25 20:52:03 2022...
