#-----------------------------------------------------------
# Vivado v2019.1 (64-bit)
# SW Build 2552052 on Fri May 24 14:49:42 MDT 2019
# IP Build 2548770 on Fri May 24 18:01:18 MDT 2019
# Start of session at: Mon Mar  7 21:02:30 2022
# Process ID: 15172
# Current directory: C:/Users/yvvan/Documents/Research/Vivado_Verilog_Tutorial/lab4/lab4_2_2
# Command line: vivado.exe -gui_launcher_event rodinguilauncherevent16508 C:\Users\yvvan\Documents\Research\Vivado_Verilog_Tutorial\lab4\lab4_2_2\lab4_2_2.xpr
# Log file: C:/Users/yvvan/Documents/Research/Vivado_Verilog_Tutorial/lab4/lab4_2_2/vivado.log
# Journal file: C:/Users/yvvan/Documents/Research/Vivado_Verilog_Tutorial/lab4/lab4_2_2\vivado.jou
#-----------------------------------------------------------
start_gui
open_project C:/Users/yvvan/Documents/Research/Vivado_Verilog_Tutorial/lab4/lab4_2_2/lab4_2_2.xpr
INFO: [Project 1-313] Project file moved from 'C:/Users/yvvan/Documents/Research/Vivado_Verilog_Tutorial/lab4/lab4_2_1_add_two_values_func/lab4_2_2' since last save.
Scanning sources...
Finished scanning sources
INFO: [IP_Flow 19-234] Refreshing IP repositories
INFO: [IP_Flow 19-1704] No user IP repositories specified
INFO: [IP_Flow 19-2313] Loaded Vivado IP repository 'C:/Xilinx/Vivado/2019.1/data/ip'.
open_project: Time (s): cpu = 00:00:19 ; elapsed = 00:00:08 . Memory (MB): peak = 816.852 ; gain = 139.848
update_compile_order -fileset sources_1
set_property SOURCE_SET sources_1 [get_filesets sim_1]
add_files -fileset sim_1 -norecurse C:/Users/yvvan/Documents/Research/Vivado_Verilog_Tutorial/lab4/lab4_2_2/calc_ones_function_tb.v
update_compile_order -fileset sim_1
update_compile_order -fileset sim_1
add_files -fileset constrs_1 -norecurse C:/Users/yvvan/Documents/Research/Vivado_Verilog_Tutorial/lab4/lab4_2_2/Basys3_Master.xdc
synth_design -rtl -name rtl_1
Command: synth_design -rtl -name rtl_1
Starting synth_design
Using part: xc7a35tcpg236-1
Top: calc_ones_func
INFO: [Device 21-403] Loading part xc7a35tcpg236-1
---------------------------------------------------------------------------------
Starting RTL Elaboration : Time (s): cpu = 00:00:06 ; elapsed = 00:00:06 . Memory (MB): peak = 1297.922 ; gain = 177.426
---------------------------------------------------------------------------------
INFO: [Synth 8-6157] synthesizing module 'calc_ones_func' [C:/Users/yvvan/Documents/Research/Vivado_Verilog_Tutorial/lab4/lab4_2_2/lab4_2_2.srcs/sources_1/new/calc_ones_func.v:23]
INFO: [Synth 8-6155] done synthesizing module 'calc_ones_func' (1#1) [C:/Users/yvvan/Documents/Research/Vivado_Verilog_Tutorial/lab4/lab4_2_2/lab4_2_2.srcs/sources_1/new/calc_ones_func.v:23]
---------------------------------------------------------------------------------
Finished RTL Elaboration : Time (s): cpu = 00:00:08 ; elapsed = 00:00:08 . Memory (MB): peak = 1354.906 ; gain = 234.410
---------------------------------------------------------------------------------

Report Check Netlist: 
+------+------------------+-------+---------+-------+------------------+
|      |Item              |Errors |Warnings |Status |Description       |
+------+------------------+-------+---------+-------+------------------+
|1     |multi_driven_nets |      0|        0|Passed |Multi driven nets |
+------+------------------+-------+---------+-------+------------------+
---------------------------------------------------------------------------------
Start Handling Custom Attributes
---------------------------------------------------------------------------------
---------------------------------------------------------------------------------
Finished Handling Custom Attributes : Time (s): cpu = 00:00:09 ; elapsed = 00:00:09 . Memory (MB): peak = 1354.906 ; gain = 234.410
---------------------------------------------------------------------------------
---------------------------------------------------------------------------------
Finished RTL Optimization Phase 1 : Time (s): cpu = 00:00:09 ; elapsed = 00:00:09 . Memory (MB): peak = 1354.906 ; gain = 234.410
---------------------------------------------------------------------------------
INFO: [Project 1-570] Preparing netlist for logic optimization

Processing XDC Constraints
Initializing timing engine
Parsing XDC File [C:/Users/yvvan/Documents/Research/Vivado_Verilog_Tutorial/lab4/lab4_2_2/Basys3_Master.xdc]
Finished Parsing XDC File [C:/Users/yvvan/Documents/Research/Vivado_Verilog_Tutorial/lab4/lab4_2_2/Basys3_Master.xdc]
Completed Processing XDC Constraints

INFO: [Opt 31-138] Pushed 0 inverter(s) to 0 load pin(s).
Netlist sorting complete. Time (s): cpu = 00:00:00 ; elapsed = 00:00:00 . Memory (MB): peak = 1446.711 ; gain = 0.000
INFO: [Project 1-111] Unisim Transformation Summary:
No Unisim elements were transformed.

RTL Elaboration Complete:  : Time (s): cpu = 00:00:35 ; elapsed = 00:00:20 . Memory (MB): peak = 1513.012 ; gain = 392.516
6 Infos, 0 Warnings, 0 Critical Warnings and 0 Errors encountered.
synth_design completed successfully
synth_design: Time (s): cpu = 00:00:45 ; elapsed = 00:00:32 . Memory (MB): peak = 1513.012 ; gain = 603.348
launch_simulation
INFO: [Vivado 12-5682] Launching behavioral simulation in 'C:/Users/yvvan/Documents/Research/Vivado_Verilog_Tutorial/lab4/lab4_2_2/lab4_2_2.sim/sim_1/behav/xsim'
INFO: [SIM-utils-51] Simulation object is 'sim_1'
INFO: [SIM-utils-54] Inspecting design source files for 'calc_ones_function_tb' in fileset 'sim_1'...
INFO: [USF-XSim-97] Finding global include files...
INFO: [USF-XSim-98] Fetching design files from 'sim_1'...
INFO: [USF-XSim-2] XSim::Compile design
INFO: [USF-XSim-61] Executing 'COMPILE and ANALYZE' step in 'C:/Users/yvvan/Documents/Research/Vivado_Verilog_Tutorial/lab4/lab4_2_2/lab4_2_2.sim/sim_1/behav/xsim'
"xvlog --incr --relax -prj calc_ones_function_tb_vlog.prj"
INFO: [VRFC 10-2263] Analyzing Verilog file "C:/Users/yvvan/Documents/Research/Vivado_Verilog_Tutorial/lab4/lab4_2_2/calc_ones_function_tb.v" into library xil_defaultlib
INFO: [VRFC 10-311] analyzing module calc_ones_function_tb
INFO: [VRFC 10-2263] Analyzing Verilog file "C:/Users/yvvan/Documents/Research/Vivado_Verilog_Tutorial/lab4/lab4_2_2/lab4_2_2.sim/sim_1/behav/xsim/glbl.v" into library xil_defaultlib
INFO: [VRFC 10-311] analyzing module glbl
INFO: [USF-XSim-69] 'compile' step finished in '4' seconds
INFO: [USF-XSim-3] XSim::Elaborate design
INFO: [USF-XSim-61] Executing 'ELABORATE' step in 'C:/Users/yvvan/Documents/Research/Vivado_Verilog_Tutorial/lab4/lab4_2_2/lab4_2_2.sim/sim_1/behav/xsim'
"xelab -wto 8c68a785b7f7435c8ff12b7f38f88b85 --incr --debug typical --relax --mt 2 -L xil_defaultlib -L unisims_ver -L unimacro_ver -L secureip --snapshot calc_ones_function_tb_behav xil_defaultlib.calc_ones_function_tb xil_defaultlib.glbl -log elaborate.log"
Vivado Simulator 2019.1
Copyright 1986-1999, 2001-2019 Xilinx, Inc. All Rights Reserved.
Running: C:/Xilinx/Vivado/2019.1/bin/unwrapped/win64.o/xelab.exe -wto 8c68a785b7f7435c8ff12b7f38f88b85 --incr --debug typical --relax --mt 2 -L xil_defaultlib -L unisims_ver -L unimacro_ver -L secureip --snapshot calc_ones_function_tb_behav xil_defaultlib.calc_ones_function_tb xil_defaultlib.glbl -log elaborate.log 
Using 2 slave threads.
Starting static elaboration
ERROR: [VRFC 10-2063] Module <calc_ones_function> not found while processing module instance <DUT> [C:/Users/yvvan/Documents/Research/Vivado_Verilog_Tutorial/lab4/lab4_2_2/calc_ones_function_tb.v:13]
ERROR: [XSIM 43-3322] Static elaboration of top level Verilog design unit(s) in library work failed.
INFO: [USF-XSim-69] 'elaborate' step finished in '3' seconds
INFO: [USF-XSim-99] Step results log file:'C:/Users/yvvan/Documents/Research/Vivado_Verilog_Tutorial/lab4/lab4_2_2/lab4_2_2.sim/sim_1/behav/xsim/elaborate.log'
ERROR: [USF-XSim-62] 'elaborate' step failed with error(s). Please check the Tcl console output or 'C:/Users/yvvan/Documents/Research/Vivado_Verilog_Tutorial/lab4/lab4_2_2/lab4_2_2.sim/sim_1/behav/xsim/elaborate.log' file for more information.
ERROR: [Vivado 12-4473] Detected error while running simulation. Please correct the issue and retry this operation.
launch_simulation: Time (s): cpu = 00:00:01 ; elapsed = 00:00:09 . Memory (MB): peak = 1616.148 ; gain = 16.742
ERROR: [Common 17-39] 'launch_simulation' failed due to earlier errors.
launch_simulation
INFO: [Vivado 12-5682] Launching behavioral simulation in 'C:/Users/yvvan/Documents/Research/Vivado_Verilog_Tutorial/lab4/lab4_2_2/lab4_2_2.sim/sim_1/behav/xsim'
INFO: [SIM-utils-51] Simulation object is 'sim_1'
INFO: [SIM-utils-54] Inspecting design source files for 'calc_ones_function_tb' in fileset 'sim_1'...
INFO: [USF-XSim-97] Finding global include files...
INFO: [USF-XSim-98] Fetching design files from 'sim_1'...
INFO: [USF-XSim-2] XSim::Compile design
INFO: [USF-XSim-61] Executing 'COMPILE and ANALYZE' step in 'C:/Users/yvvan/Documents/Research/Vivado_Verilog_Tutorial/lab4/lab4_2_2/lab4_2_2.sim/sim_1/behav/xsim'
"xvlog --incr --relax -prj calc_ones_function_tb_vlog.prj"
INFO: [VRFC 10-2263] Analyzing Verilog file "C:/Users/yvvan/Documents/Research/Vivado_Verilog_Tutorial/lab4/lab4_2_2/lab4_2_2.srcs/sources_1/new/calc_ones_func.v" into library xil_defaultlib
INFO: [VRFC 10-311] analyzing module calc_ones_func
INFO: [VRFC 10-2263] Analyzing Verilog file "C:/Users/yvvan/Documents/Research/Vivado_Verilog_Tutorial/lab4/lab4_2_2/calc_ones_function_tb.v" into library xil_defaultlib
INFO: [VRFC 10-311] analyzing module calc_ones_function_tb
INFO: [USF-XSim-69] 'compile' step finished in '3' seconds
INFO: [Common 17-41] Interrupt caught. Command should exit soon.
INFO: [Vivado 12-5357] 'compile' step aborted
INFO: [Common 17-344] 'launch_simulation' was cancelled
launch_simulation
INFO: [Vivado 12-5682] Launching behavioral simulation in 'C:/Users/yvvan/Documents/Research/Vivado_Verilog_Tutorial/lab4/lab4_2_2/lab4_2_2.sim/sim_1/behav/xsim'
INFO: [SIM-utils-51] Simulation object is 'sim_1'
INFO: [SIM-utils-54] Inspecting design source files for 'calc_ones_function_tb' in fileset 'sim_1'...
INFO: [USF-XSim-97] Finding global include files...
INFO: [USF-XSim-98] Fetching design files from 'sim_1'...
INFO: [USF-XSim-2] XSim::Compile design
INFO: [USF-XSim-61] Executing 'COMPILE and ANALYZE' step in 'C:/Users/yvvan/Documents/Research/Vivado_Verilog_Tutorial/lab4/lab4_2_2/lab4_2_2.sim/sim_1/behav/xsim'
"xvlog --incr --relax -prj calc_ones_function_tb_vlog.prj"
INFO: [VRFC 10-2263] Analyzing Verilog file "C:/Users/yvvan/Documents/Research/Vivado_Verilog_Tutorial/lab4/lab4_2_2/lab4_2_2.srcs/sources_1/new/calc_ones_func.v" into library xil_defaultlib
INFO: [VRFC 10-311] analyzing module calc_ones_func
INFO: [VRFC 10-2263] Analyzing Verilog file "C:/Users/yvvan/Documents/Research/Vivado_Verilog_Tutorial/lab4/lab4_2_2/calc_ones_function_tb.v" into library xil_defaultlib
INFO: [VRFC 10-311] analyzing module calc_ones_function_tb
INFO: [USF-XSim-69] 'compile' step finished in '1' seconds
INFO: [USF-XSim-3] XSim::Elaborate design
INFO: [USF-XSim-61] Executing 'ELABORATE' step in 'C:/Users/yvvan/Documents/Research/Vivado_Verilog_Tutorial/lab4/lab4_2_2/lab4_2_2.sim/sim_1/behav/xsim'
"xelab -wto 8c68a785b7f7435c8ff12b7f38f88b85 --incr --debug typical --relax --mt 2 -L xil_defaultlib -L unisims_ver -L unimacro_ver -L secureip --snapshot calc_ones_function_tb_behav xil_defaultlib.calc_ones_function_tb xil_defaultlib.glbl -log elaborate.log"
Vivado Simulator 2019.1
Copyright 1986-1999, 2001-2019 Xilinx, Inc. All Rights Reserved.
Running: C:/Xilinx/Vivado/2019.1/bin/unwrapped/win64.o/xelab.exe -wto 8c68a785b7f7435c8ff12b7f38f88b85 --incr --debug typical --relax --mt 2 -L xil_defaultlib -L unisims_ver -L unimacro_ver -L secureip --snapshot calc_ones_function_tb_behav xil_defaultlib.calc_ones_function_tb xil_defaultlib.glbl -log elaborate.log 
Using 2 slave threads.
Starting static elaboration
WARNING: [VRFC 10-3091] actual bit length 3 differs from formal bit length 4 for port 'count' [C:/Users/yvvan/Documents/Research/Vivado_Verilog_Tutorial/lab4/lab4_2_2/calc_ones_function_tb.v:13]
Completed static elaboration
Starting simulation data flow analysis
Completed simulation data flow analysis
Time Resolution for simulation is 1ps
Compiling module xil_defaultlib.calc_ones_func
Compiling module xil_defaultlib.calc_ones_function_tb
Compiling module xil_defaultlib.glbl
Built simulation snapshot calc_ones_function_tb_behav

****** Webtalk v2019.1 (64-bit)
  **** SW Build 2552052 on Fri May 24 14:49:42 MDT 2019
  **** IP Build 2548770 on Fri May 24 18:01:18 MDT 2019
    ** Copyright 1986-2019 Xilinx, Inc. All Rights Reserved.

source C:/Users/yvvan/Documents/Research/Vivado_Verilog_Tutorial/lab4/lab4_2_2/lab4_2_2.sim/sim_1/behav/xsim/xsim.dir/calc_ones_function_tb_behav/webtalk/xsim_webtalk.tcl -notrace
INFO: [Common 17-186] 'C:/Users/yvvan/Documents/Research/Vivado_Verilog_Tutorial/lab4/lab4_2_2/lab4_2_2.sim/sim_1/behav/xsim/xsim.dir/calc_ones_function_tb_behav/webtalk/usage_statistics_ext_xsim.xml' has been successfully sent to Xilinx on Mon Mar  7 21:55:58 2022. For additional details about this file, please refer to the WebTalk help file at C:/Xilinx/Vivado/2019.1/doc/webtalk_introduction.html.
webtalk_transmit: Time (s): cpu = 00:00:00 ; elapsed = 00:00:11 . Memory (MB): peak = 79.371 ; gain = 13.234
INFO: [Common 17-206] Exiting Webtalk at Mon Mar  7 21:55:58 2022...
run_program: Time (s): cpu = 00:00:00 ; elapsed = 00:00:18 . Memory (MB): peak = 1616.148 ; gain = 0.000
INFO: [USF-XSim-69] 'elaborate' step finished in '18' seconds
INFO: [USF-XSim-4] XSim::Simulate design
INFO: [USF-XSim-61] Executing 'SIMULATE' step in 'C:/Users/yvvan/Documents/Research/Vivado_Verilog_Tutorial/lab4/lab4_2_2/lab4_2_2.sim/sim_1/behav/xsim'
INFO: [USF-XSim-98] *** Running xsim
   with args "calc_ones_function_tb_behav -key {Behavioral:sim_1:Functional:calc_ones_function_tb} -tclbatch {calc_ones_function_tb.tcl} -log {simulate.log}"
INFO: [USF-XSim-8] Loading simulator feature
Vivado Simulator 2019.1
Time resolution is 1 ps
source calc_ones_function_tb.tcl
# set curr_wave [current_wave_config]
# if { [string length $curr_wave] == 0 } {
#   if { [llength [get_objects]] > 0} {
#     add_wave /
#     set_property needs_save false [current_wave_config]
#   } else {
#      send_msg_id Add_Wave-1 WARNING "No top level signals found. Simulator will start without a wave window. If you want to open a wave window go to 'File->New Waveform Configuration' or type 'create_wave_config' in the TCL console."
#   }
# }
# run 1000ns
ain=4a, number_of_ones=3 at time=                5000
ain=4a, number_of_ones=3 at time=               10000
ain=4b, number_of_ones=3 at time=               15000
ain=4d, number_of_ones=4 at time=               20000
ain=50, number_of_ones=4 at time=               25000
ain=54, number_of_ones=2 at time=               30000
Simulation Done
INFO: [USF-XSim-96] XSim completed. Design snapshot 'calc_ones_function_tb_behav' loaded.
INFO: [USF-XSim-97] XSim simulation ran for 1000ns
launch_simulation: Time (s): cpu = 00:00:09 ; elapsed = 00:00:25 . Memory (MB): peak = 1626.625 ; gain = 10.477
launch_runs synth_1 -jobs 4
[Mon Mar  7 22:05:15 2022] Launched synth_1...
Run output will be captured here: C:/Users/yvvan/Documents/Research/Vivado_Verilog_Tutorial/lab4/lab4_2_2/lab4_2_2.runs/synth_1/runme.log
launch_runs impl_1 -jobs 4
[Mon Mar  7 22:07:05 2022] Launched impl_1...
Run output will be captured here: C:/Users/yvvan/Documents/Research/Vivado_Verilog_Tutorial/lab4/lab4_2_2/lab4_2_2.runs/impl_1/runme.log
launch_runs impl_1 -to_step write_bitstream -jobs 4
[Mon Mar  7 22:09:25 2022] Launched impl_1...
Run output will be captured here: C:/Users/yvvan/Documents/Research/Vivado_Verilog_Tutorial/lab4/lab4_2_2/lab4_2_2.runs/impl_1/runme.log
save_wave_config {C:/Users/yvvan/Documents/Research/Vivado_Verilog_Tutorial/lab4/lab4_2_2/calc_ones_function_tb_behav.wcfg}
add_files -fileset sim_1 -norecurse C:/Users/yvvan/Documents/Research/Vivado_Verilog_Tutorial/lab4/lab4_2_2/calc_ones_function_tb_behav.wcfg
set_property xsim.view C:/Users/yvvan/Documents/Research/Vivado_Verilog_Tutorial/lab4/lab4_2_2/calc_ones_function_tb_behav.wcfg [get_filesets sim_1]
open_hw
connect_hw_server
INFO: [Labtools 27-2285] Connecting to hw_server url TCP:localhost:3121
INFO: [Labtools 27-2222] Launching hw_server...
INFO: [Labtools 27-2221] Launch Output:

****** Xilinx hw_server v2019.1
  **** Build date : May 24 2019 at 15:13:31
    ** Copyright 1986-2019 Xilinx, Inc. All Rights Reserved.


connect_hw_server: Time (s): cpu = 00:00:00 ; elapsed = 00:00:06 . Memory (MB): peak = 1648.613 ; gain = 2.297
open_hw_target
INFO: [Labtoolstcl 44-466] Opening hw_target localhost:3121/xilinx_tcf/Digilent/210183B462B7A
open_hw_target: Time (s): cpu = 00:00:09 ; elapsed = 00:00:10 . Memory (MB): peak = 2743.004 ; gain = 1094.391
set_property PROGRAM.FILE {C:/Users/yvvan/Documents/Research/Vivado_Verilog_Tutorial/lab4/lab4_2_2/lab4_2_2.runs/impl_1/calc_ones_func.bit} [get_hw_devices xc7a35t_0]
current_hw_device [get_hw_devices xc7a35t_0]
refresh_hw_device -update_hw_probes false [lindex [get_hw_devices xc7a35t_0] 0]
INFO: [Labtools 27-1434] Device xc7a35t (JTAG device index = 0) is programmed with a design that has no supported debug core(s) in it.
set_property PROBES.FILE {} [get_hw_devices xc7a35t_0]
set_property FULL_PROBES.FILE {} [get_hw_devices xc7a35t_0]
set_property PROGRAM.FILE {C:/Users/yvvan/Documents/Research/Vivado_Verilog_Tutorial/lab4/lab4_2_2/lab4_2_2.runs/impl_1/calc_ones_func.bit} [get_hw_devices xc7a35t_0]
program_hw_devices [get_hw_devices xc7a35t_0]
INFO: [Labtools 27-3164] End of startup status: HIGH
refresh_hw_device [lindex [get_hw_devices xc7a35t_0] 0]
INFO: [Labtools 27-1434] Device xc7a35t (JTAG device index = 0) is programmed with a design that has no supported debug core(s) in it.
close_sim
INFO: [Simtcl 6-16] Simulation closed
close_sim: Time (s): cpu = 00:00:04 ; elapsed = 00:00:30 . Memory (MB): peak = 2779.453 ; gain = 5.883
exit
INFO: [Common 17-206] Exiting Vivado at Mon Mar  7 22:15:07 2022...
