#-----------------------------------------------------------
# Vivado v2019.1 (64-bit)
# SW Build 2552052 on Fri May 24 14:49:42 MDT 2019
# IP Build 2548770 on Fri May 24 18:01:18 MDT 2019
# Start of session at: Thu Feb 24 23:45:55 2022
# Process ID: 7620
# Current directory: C:/Users/yvvan/Documents/Research/Vivado_Verilog_Tutorial/lab1/lab1_4_2_bcd_to_7segment
# Command line: vivado.exe -gui_launcher_event rodinguilauncherevent6872 C:\Users\yvvan\Documents\Research\Vivado_Verilog_Tutorial\lab1\lab1_4_2_bcd_to_7segment\lab1_4_2.xpr
# Log file: C:/Users/yvvan/Documents/Research/Vivado_Verilog_Tutorial/lab1/lab1_4_2_bcd_to_7segment/vivado.log
# Journal file: C:/Users/yvvan/Documents/Research/Vivado_Verilog_Tutorial/lab1/lab1_4_2_bcd_to_7segment\vivado.jou
#-----------------------------------------------------------
start_gui
open_project C:/Users/yvvan/Documents/Research/Vivado_Verilog_Tutorial/lab1/lab1_4_2_bcd_to_7segment/lab1_4_2.xpr
INFO: [ProjectBase 1-489] The host OS only allows 260 characters in a normal path. The project is stored in a path with more than 80 characters. If you experience issues with IP, Block Designs, or files not being found, please consider moving the project to a location with a shorter path. Alternately consider using the OS subst command to map part of the path to a drive letter.
Current project path is 'C:/Users/yvvan/Documents/Research/Vivado_Verilog_Tutorial/lab1/lab1_4_2_bcd_to_7segment'
Scanning sources...
Finished scanning sources
INFO: [IP_Flow 19-234] Refreshing IP repositories
INFO: [IP_Flow 19-1704] No user IP repositories specified
INFO: [IP_Flow 19-2313] Loaded Vivado IP repository 'C:/Xilinx/Vivado/2019.1/data/ip'.
open_project: Time (s): cpu = 00:00:38 ; elapsed = 00:00:16 . Memory (MB): peak = 860.324 ; gain = 221.676
update_compile_order -fileset sources_1
launch_simulation
INFO: [Vivado 12-5682] Launching behavioral simulation in 'C:/Users/yvvan/Documents/Research/Vivado_Verilog_Tutorial/lab1/lab1_4_2_bcd_to_7segment/lab1_4_2.sim/sim_1/behav/xsim'
INFO: [SIM-utils-51] Simulation object is 'sim_1'
INFO: [SIM-utils-54] Inspecting design source files for 'bcd_to_7segment' in fileset 'sim_1'...
INFO: [USF-XSim-97] Finding global include files...
INFO: [USF-XSim-98] Fetching design files from 'sim_1'...
INFO: [USF-XSim-2] XSim::Compile design
INFO: [USF-XSim-61] Executing 'COMPILE and ANALYZE' step in 'C:/Users/yvvan/Documents/Research/Vivado_Verilog_Tutorial/lab1/lab1_4_2_bcd_to_7segment/lab1_4_2.sim/sim_1/behav/xsim'
"xvlog --incr --relax -prj bcd_to_7segment_vlog.prj"
INFO: [VRFC 10-2263] Analyzing Verilog file "C:/Users/yvvan/Documents/Research/Vivado_Verilog_Tutorial/lab1/lab1_4_2_bcd_to_7segment/lab1_4_2.srcs/sources_1/new/bcd_to_7segment_dataflow.v" into library xil_defaultlib
INFO: [VRFC 10-311] analyzing module bcd_to_7segment
INFO: [VRFC 10-2263] Analyzing Verilog file "C:/Users/yvvan/Documents/Research/Vivado_Verilog_Tutorial/lab1/lab1_4_2_bcd_to_7segment/lab1_4_2.sim/sim_1/behav/xsim/glbl.v" into library xil_defaultlib
INFO: [VRFC 10-311] analyzing module glbl
INFO: [USF-XSim-69] 'compile' step finished in '3' seconds
INFO: [USF-XSim-3] XSim::Elaborate design
INFO: [USF-XSim-61] Executing 'ELABORATE' step in 'C:/Users/yvvan/Documents/Research/Vivado_Verilog_Tutorial/lab1/lab1_4_2_bcd_to_7segment/lab1_4_2.sim/sim_1/behav/xsim'
"xelab -wto 12653b774fa54a98980e3c8059a5f47c --incr --debug typical --relax --mt 2 -L xil_defaultlib -L unisims_ver -L unimacro_ver -L secureip --snapshot bcd_to_7segment_behav xil_defaultlib.bcd_to_7segment xil_defaultlib.glbl -log elaborate.log"
Vivado Simulator 2019.1
Copyright 1986-1999, 2001-2019 Xilinx, Inc. All Rights Reserved.
Running: C:/Xilinx/Vivado/2019.1/bin/unwrapped/win64.o/xelab.exe -wto 12653b774fa54a98980e3c8059a5f47c --incr --debug typical --relax --mt 2 -L xil_defaultlib -L unisims_ver -L unimacro_ver -L secureip --snapshot bcd_to_7segment_behav xil_defaultlib.bcd_to_7segment xil_defaultlib.glbl -log elaborate.log 
Using 2 slave threads.
Starting static elaboration
Completed static elaboration
Starting simulation data flow analysis
Completed simulation data flow analysis
Time Resolution for simulation is 1ps
Compiling module xil_defaultlib.bcd_to_7segment
Compiling module xil_defaultlib.glbl
Built simulation snapshot bcd_to_7segment_behav

****** Webtalk v2019.1 (64-bit)
  **** SW Build 2552052 on Fri May 24 14:49:42 MDT 2019
  **** IP Build 2548770 on Fri May 24 18:01:18 MDT 2019
    ** Copyright 1986-2019 Xilinx, Inc. All Rights Reserved.

source C:/Users/yvvan/Documents/Research/Vivado_Verilog_Tutorial/lab1/lab1_4_2_bcd_to_7segment/lab1_4_2.sim/sim_1/behav/xsim/xsim.dir/bcd_to_7segment_behav/webtalk/xsim_webtalk.tcl -notrace
INFO: [Common 17-186] 'C:/Users/yvvan/Documents/Research/Vivado_Verilog_Tutorial/lab1/lab1_4_2_bcd_to_7segment/lab1_4_2.sim/sim_1/behav/xsim/xsim.dir/bcd_to_7segment_behav/webtalk/usage_statistics_ext_xsim.xml' has been successfully sent to Xilinx on Thu Feb 24 23:47:26 2022. For additional details about this file, please refer to the WebTalk help file at C:/Xilinx/Vivado/2019.1/doc/webtalk_introduction.html.
webtalk_transmit: Time (s): cpu = 00:00:00 ; elapsed = 00:00:25 . Memory (MB): peak = 109.355 ; gain = 17.902
INFO: [Common 17-206] Exiting Webtalk at Thu Feb 24 23:47:26 2022...
run_program: Time (s): cpu = 00:00:02 ; elapsed = 00:00:30 . Memory (MB): peak = 860.324 ; gain = 0.000
INFO: [USF-XSim-69] 'elaborate' step finished in '30' seconds
INFO: [USF-XSim-4] XSim::Simulate design
INFO: [USF-XSim-61] Executing 'SIMULATE' step in 'C:/Users/yvvan/Documents/Research/Vivado_Verilog_Tutorial/lab1/lab1_4_2_bcd_to_7segment/lab1_4_2.sim/sim_1/behav/xsim'
INFO: [USF-XSim-98] *** Running xsim
   with args "bcd_to_7segment_behav -key {Behavioral:sim_1:Functional:bcd_to_7segment} -tclbatch {bcd_to_7segment.tcl} -log {simulate.log}"
INFO: [USF-XSim-8] Loading simulator feature
Vivado Simulator 2019.1
Time resolution is 1 ps
source bcd_to_7segment.tcl
# set curr_wave [current_wave_config]
# if { [string length $curr_wave] == 0 } {
#   if { [llength [get_objects]] > 0} {
#     add_wave /
#     set_property needs_save false [current_wave_config]
#   } else {
#      send_msg_id Add_Wave-1 WARNING "No top level signals found. Simulator will start without a wave window. If you want to open a wave window go to 'File->New Waveform Configuration' or type 'create_wave_config' in the TCL console."
#   }
# }
# run 1000ns
xsim: Time (s): cpu = 00:00:20 ; elapsed = 00:00:07 . Memory (MB): peak = 864.535 ; gain = 4.211
INFO: [USF-XSim-96] XSim completed. Design snapshot 'bcd_to_7segment_behav' loaded.
INFO: [USF-XSim-97] XSim simulation ran for 1000ns
launch_simulation: Time (s): cpu = 00:00:27 ; elapsed = 00:00:42 . Memory (MB): peak = 864.535 ; gain = 4.211
close_sim
INFO: [Simtcl 6-16] Simulation closed
close_sim: Time (s): cpu = 00:00:11 ; elapsed = 00:00:31 . Memory (MB): peak = 884.773 ; gain = 0.000
exit
INFO: [Common 17-206] Exiting Vivado at Thu Feb 24 23:50:45 2022...
