Copyright 1986-2019 Xilinx, Inc. All Rights Reserved.
-----------------------------------------------------------------------------------------------------------------------------------------------------------------------------------
| Tool Version : Vivado v.2019.1 (win64) Build 2552052 Fri May 24 14:49:42 MDT 2019
| Date         : Tue Feb 22 02:55:51 2022
| Host         : LAPTOP-L8ODNIU0 running 64-bit major release  (build 9200)
| Command      : report_methodology -file bcd_to_7segment_methodology_drc_routed.rpt -pb bcd_to_7segment_methodology_drc_routed.pb -rpx bcd_to_7segment_methodology_drc_routed.rpx
| Design       : bcd_to_7segment
| Device       : xc7a35tcpg236-1
| Speed File   : -1
| Design State : Fully Routed
-----------------------------------------------------------------------------------------------------------------------------------------------------------------------------------

Report Methodology

Table of Contents
-----------------
1. REPORT SUMMARY
2. REPORT DETAILS

1. REPORT SUMMARY
-----------------
            Netlist: netlist
          Floorplan: design_1
      Design limits: <entire design considered>
             Max violations: <unlimited>
             Violations found: 7
+-----------+----------+-------------------+------------+
| Rule      | Severity | Description       | Violations |
+-----------+----------+-------------------+------------+
| TIMING-20 | Warning  | Non-clocked latch | 7          |
+-----------+----------+-------------------+------------+

2. REPORT DETAILS
-----------------
TIMING-20#1 Warning
Non-clocked latch  
The latch seg_reg[0] cannot be properly analyzed as its control pin seg_reg[0]/G is not reached by a timing clock
Related violations: <none>

TIMING-20#2 Warning
Non-clocked latch  
The latch seg_reg[1] cannot be properly analyzed as its control pin seg_reg[1]/G is not reached by a timing clock
Related violations: <none>

TIMING-20#3 Warning
Non-clocked latch  
The latch seg_reg[2] cannot be properly analyzed as its control pin seg_reg[2]/G is not reached by a timing clock
Related violations: <none>

TIMING-20#4 Warning
Non-clocked latch  
The latch seg_reg[3] cannot be properly analyzed as its control pin seg_reg[3]/G is not reached by a timing clock
Related violations: <none>

TIMING-20#5 Warning
Non-clocked latch  
The latch seg_reg[4] cannot be properly analyzed as its control pin seg_reg[4]/G is not reached by a timing clock
Related violations: <none>

TIMING-20#6 Warning
Non-clocked latch  
The latch seg_reg[5] cannot be properly analyzed as its control pin seg_reg[5]/G is not reached by a timing clock
Related violations: <none>

TIMING-20#7 Warning
Non-clocked latch  
The latch seg_reg[6] cannot be properly analyzed as its control pin seg_reg[6]/G is not reached by a timing clock
Related violations: <none>


