#-----------------------------------------------------------
# Vivado v2019.1 (64-bit)
# SW Build 2552052 on Fri May 24 14:49:42 MDT 2019
# IP Build 2548770 on Fri May 24 18:01:18 MDT 2019
# Start of session at: Sat Mar 26 19:34:39 2022
# Process ID: 5952
# Current directory: C:/Users/yvvan/Documents/Research/Vivado_Verilog_Tutorial/lab10/lab10_1_6
# Command line: vivado.exe -gui_launcher_event rodinguilauncherevent4636 C:\Users\yvvan\Documents\Research\Vivado_Verilog_Tutorial\lab10\lab10_1_6\lab10_1_6.xpr
# Log file: C:/Users/yvvan/Documents/Research/Vivado_Verilog_Tutorial/lab10/lab10_1_6/vivado.log
# Journal file: C:/Users/yvvan/Documents/Research/Vivado_Verilog_Tutorial/lab10/lab10_1_6\vivado.jou
#-----------------------------------------------------------
start_gui
open_project C:/Users/yvvan/Documents/Research/Vivado_Verilog_Tutorial/lab10/lab10_1_6/lab10_1_6.xpr
Scanning sources...
Finished scanning sources
INFO: [IP_Flow 19-234] Refreshing IP repositories
INFO: [IP_Flow 19-1704] No user IP repositories specified
INFO: [IP_Flow 19-2313] Loaded Vivado IP repository 'C:/Xilinx/Vivado/2019.1/data/ip'.
open_project: Time (s): cpu = 00:00:37 ; elapsed = 00:00:25 . Memory (MB): peak = 821.359 ; gain = 159.523
update_compile_order -fileset sources_1
exsynth_design -rtl -name rtl_1
Command: synth_design -rtl -name rtl_1
Starting synth_design
Using part: xc7a35tcpg236-1
Top: divisible_by_3_with_timer
INFO: [Device 21-403] Loading part xc7a35tcpg236-1
---------------------------------------------------------------------------------
Starting RTL Elaboration : Time (s): cpu = 00:00:08 ; elapsed = 00:00:08 . Memory (MB): peak = 1210.113 ; gain = 173.785
---------------------------------------------------------------------------------
INFO: [Synth 8-6157] synthesizing module 'divisible_by_3_with_timer' [C:/Users/yvvan/Documents/Research/Vivado_Verilog_Tutorial/lab10/lab10_1_6/lab10_1_6.srcs/sources_1/new/divisible_by_3.v:53]
	Parameter S0 bound to: 1'b0 
	Parameter S1 bound to: 1'b1 
INFO: [Synth 8-6157] synthesizing module 'timer' [C:/Users/yvvan/Documents/Research/Vivado_Verilog_Tutorial/lab10/lab10_1_6/lab10_1_6.srcs/sources_1/new/divisible_by_3.v:22]
	Parameter max_cnt bound to: 10 - type: integer 
INFO: [Synth 8-6155] done synthesizing module 'timer' (1#1) [C:/Users/yvvan/Documents/Research/Vivado_Verilog_Tutorial/lab10/lab10_1_6/lab10_1_6.srcs/sources_1/new/divisible_by_3.v:22]
WARNING: [Synth 8-324] index 4 out of range [C:/Users/yvvan/Documents/Research/Vivado_Verilog_Tutorial/lab10/lab10_1_6/lab10_1_6.srcs/sources_1/new/divisible_by_3.v:75]
WARNING: [Synth 8-324] index 5 out of range [C:/Users/yvvan/Documents/Research/Vivado_Verilog_Tutorial/lab10/lab10_1_6/lab10_1_6.srcs/sources_1/new/divisible_by_3.v:75]
WARNING: [Synth 8-324] index 6 out of range [C:/Users/yvvan/Documents/Research/Vivado_Verilog_Tutorial/lab10/lab10_1_6/lab10_1_6.srcs/sources_1/new/divisible_by_3.v:75]
WARNING: [Synth 8-324] index 7 out of range [C:/Users/yvvan/Documents/Research/Vivado_Verilog_Tutorial/lab10/lab10_1_6/lab10_1_6.srcs/sources_1/new/divisible_by_3.v:75]
INFO: [Synth 8-6155] done synthesizing module 'divisible_by_3_with_timer' (2#1) [C:/Users/yvvan/Documents/Research/Vivado_Verilog_Tutorial/lab10/lab10_1_6/lab10_1_6.srcs/sources_1/new/divisible_by_3.v:53]
---------------------------------------------------------------------------------
Finished RTL Elaboration : Time (s): cpu = 00:00:10 ; elapsed = 00:00:10 . Memory (MB): peak = 1249.414 ; gain = 213.086
---------------------------------------------------------------------------------

Report Check Netlist: 
+------+------------------+-------+---------+-------+------------------+
|      |Item              |Errors |Warnings |Status |Description       |
+------+------------------+-------+---------+-------+------------------+
|1     |multi_driven_nets |      0|        0|Passed |Multi driven nets |
+------+------------------+-------+---------+-------+------------------+
---------------------------------------------------------------------------------
Start Handling Custom Attributes
---------------------------------------------------------------------------------
---------------------------------------------------------------------------------
Finished Handling Custom Attributes : Time (s): cpu = 00:00:11 ; elapsed = 00:00:11 . Memory (MB): peak = 1249.414 ; gain = 213.086
---------------------------------------------------------------------------------
---------------------------------------------------------------------------------
Finished RTL Optimization Phase 1 : Time (s): cpu = 00:00:11 ; elapsed = 00:00:11 . Memory (MB): peak = 1249.414 ; gain = 213.086
---------------------------------------------------------------------------------
INFO: [Project 1-570] Preparing netlist for logic optimization

Processing XDC Constraints
Initializing timing engine
Parsing XDC File [C:/Users/yvvan/Documents/Research/Vivado_Verilog_Tutorial/lab10/lab10_1_6/Basys3_Master.xdc]
Finished Parsing XDC File [C:/Users/yvvan/Documents/Research/Vivado_Verilog_Tutorial/lab10/lab10_1_6/Basys3_Master.xdc]
Completed Processing XDC Constraints

INFO: [Opt 31-138] Pushed 0 inverter(s) to 0 load pin(s).
Netlist sorting complete. Time (s): cpu = 00:00:00 ; elapsed = 00:00:00 . Memory (MB): peak = 1357.363 ; gain = 0.000
INFO: [Project 1-111] Unisim Transformation Summary:
No Unisim elements were transformed.

RTL Elaboration Complete:  : Time (s): cpu = 00:00:42 ; elapsed = 00:00:23 . Memory (MB): peak = 1414.961 ; gain = 378.633
8 Infos, 4 Warnings, 0 Critical Warnings and 0 Errors encountered.
synth_design completed successfully
synth_design: Time (s): cpu = 00:00:55 ; elapsed = 00:00:37 . Memory (MB): peak = 1414.961 ; gain = 593.762
launch_simulation
INFO: [Vivado 12-5682] Launching behavioral simulation in 'C:/Users/yvvan/Documents/Research/Vivado_Verilog_Tutorial/lab10/lab10_1_6/lab10_1_6.sim/sim_1/behav/xsim'
INFO: [SIM-utils-51] Simulation object is 'sim_1'
INFO: [SIM-utils-54] Inspecting design source files for 'divisible_by_3_with_timer_tb' in fileset 'sim_1'...
INFO: [USF-XSim-97] Finding global include files...
INFO: [USF-XSim-98] Fetching design files from 'sim_1'...
INFO: [USF-XSim-2] XSim::Compile design
INFO: [USF-XSim-61] Executing 'COMPILE and ANALYZE' step in 'C:/Users/yvvan/Documents/Research/Vivado_Verilog_Tutorial/lab10/lab10_1_6/lab10_1_6.sim/sim_1/behav/xsim'
"xvlog --incr --relax -prj divisible_by_3_with_timer_tb_vlog.prj"
INFO: [VRFC 10-2263] Analyzing Verilog file "C:/Users/yvvan/Documents/Research/Vivado_Verilog_Tutorial/lab10/lab10_1_6/lab10_1_6.srcs/sources_1/new/divisible_by_3.v" into library xil_defaultlib
INFO: [VRFC 10-311] analyzing module timer
INFO: [VRFC 10-311] analyzing module divisible_by_3_with_timer
INFO: [VRFC 10-2263] Analyzing Verilog file "C:/Users/yvvan/Documents/Research/Vivado_Verilog_Tutorial/lab10/lab10_1_6/lab10_1_6.srcs/sim_1/new/divisible_by_3_tb.v" into library xil_defaultlib
INFO: [VRFC 10-311] analyzing module divisible_by_3_with_timer_tb
INFO: [USF-XSim-69] 'compile' step finished in '3' seconds
INFO: [USF-XSim-3] XSim::Elaborate design
INFO: [USF-XSim-61] Executing 'ELABORATE' step in 'C:/Users/yvvan/Documents/Research/Vivado_Verilog_Tutorial/lab10/lab10_1_6/lab10_1_6.sim/sim_1/behav/xsim'
"xelab -wto 5f83eff647044ed89553998746325c99 --incr --debug typical --relax --mt 2 -L xil_defaultlib -L unisims_ver -L unimacro_ver -L secureip --snapshot divisible_by_3_with_timer_tb_behav xil_defaultlib.divisible_by_3_with_timer_tb xil_defaultlib.glbl -log elaborate.log"
Vivado Simulator 2019.1
Copyright 1986-1999, 2001-2019 Xilinx, Inc. All Rights Reserved.
Running: C:/Xilinx/Vivado/2019.1/bin/unwrapped/win64.o/xelab.exe -wto 5f83eff647044ed89553998746325c99 --incr --debug typical --relax --mt 2 -L xil_defaultlib -L unisims_ver -L unimacro_ver -L secureip --snapshot divisible_by_3_with_timer_tb_behav xil_defaultlib.divisible_by_3_with_timer_tb xil_defaultlib.glbl -log elaborate.log 
Using 2 slave threads.
Starting static elaboration
Completed static elaboration
Starting simulation data flow analysis
Completed simulation data flow analysis
Time Resolution for simulation is 1ps
Compiling module xil_defaultlib.timer
Compiling module xil_defaultlib.divisible_by_3_with_timer
Compiling module xil_defaultlib.divisible_by_3_with_timer_tb
Compiling module xil_defaultlib.glbl
Built simulation snapshot divisible_by_3_with_timer_tb_behav
INFO: [USF-XSim-69] 'elaborate' step finished in '3' seconds
INFO: [USF-XSim-4] XSim::Simulate design
INFO: [USF-XSim-61] Executing 'SIMULATE' step in 'C:/Users/yvvan/Documents/Research/Vivado_Verilog_Tutorial/lab10/lab10_1_6/lab10_1_6.sim/sim_1/behav/xsim'
INFO: [USF-XSim-98] *** Running xsim
   with args "divisible_by_3_with_timer_tb_behav -key {Behavioral:sim_1:Functional:divisible_by_3_with_timer_tb} -tclbatch {divisible_by_3_with_timer_tb.tcl} -view {C:/Users/yvvan/Documents/Research/Vivado_Verilog_Tutorial/lab10/lab10_1_6/divisible_by_3_with_timer_tb_behav.wcfg} -log {simulate.log}"
INFO: [USF-XSim-8] Loading simulator feature
Vivado Simulator 2019.1
Time resolution is 1 ps
open_wave_config C:/Users/yvvan/Documents/Research/Vivado_Verilog_Tutorial/lab10/lab10_1_6/divisible_by_3_with_timer_tb_behav.wcfg
source divisible_by_3_with_timer_tb.tcl
# set curr_wave [current_wave_config]
# if { [string length $curr_wave] == 0 } {
#   if { [llength [get_objects]] > 0} {
#     add_wave /
#     set_property needs_save false [current_wave_config]
#   } else {
#      send_msg_id Add_Wave-1 WARNING "No top level signals found. Simulator will start without a wave window. If you want to open a wave window go to 'File->New Waveform Configuration' or type 'create_wave_config' in the TCL console."
#   }
# }
# run 1000ns
xsim: Time (s): cpu = 00:00:13 ; elapsed = 00:00:05 . Memory (MB): peak = 1452.246 ; gain = 23.812
INFO: [USF-XSim-96] XSim completed. Design snapshot 'divisible_by_3_with_timer_tb_behav' loaded.
INFO: [USF-XSim-97] XSim simulation ran for 1000ns
launch_simulation: Time (s): cpu = 00:00:17 ; elapsed = 00:00:13 . Memory (MB): peak = 1452.246 ; gain = 37.285
close_sim
INFO: [Simtcl 6-16] Simulation closed
refresh_design
---------------------------------------------------------------------------------
Starting RTL Elaboration : Time (s): cpu = 00:00:06 ; elapsed = 00:00:06 . Memory (MB): peak = 1465.527 ; gain = 10.441
---------------------------------------------------------------------------------
INFO: [Synth 8-6157] synthesizing module 'divisible_by_3_with_timer' [C:/Users/yvvan/Documents/Research/Vivado_Verilog_Tutorial/lab10/lab10_1_6/lab10_1_6.srcs/sources_1/new/divisible_by_3.v:53]
	Parameter S0 bound to: 1'b0 
	Parameter S1 bound to: 1'b1 
INFO: [Synth 8-6157] synthesizing module 'timer' [C:/Users/yvvan/Documents/Research/Vivado_Verilog_Tutorial/lab10/lab10_1_6/lab10_1_6.srcs/sources_1/new/divisible_by_3.v:22]
	Parameter max_cnt bound to: 100000000 - type: integer 
INFO: [Synth 8-6155] done synthesizing module 'timer' (1#1) [C:/Users/yvvan/Documents/Research/Vivado_Verilog_Tutorial/lab10/lab10_1_6/lab10_1_6.srcs/sources_1/new/divisible_by_3.v:22]
WARNING: [Synth 8-324] index 4 out of range [C:/Users/yvvan/Documents/Research/Vivado_Verilog_Tutorial/lab10/lab10_1_6/lab10_1_6.srcs/sources_1/new/divisible_by_3.v:75]
WARNING: [Synth 8-324] index 5 out of range [C:/Users/yvvan/Documents/Research/Vivado_Verilog_Tutorial/lab10/lab10_1_6/lab10_1_6.srcs/sources_1/new/divisible_by_3.v:75]
WARNING: [Synth 8-324] index 6 out of range [C:/Users/yvvan/Documents/Research/Vivado_Verilog_Tutorial/lab10/lab10_1_6/lab10_1_6.srcs/sources_1/new/divisible_by_3.v:75]
WARNING: [Synth 8-324] index 7 out of range [C:/Users/yvvan/Documents/Research/Vivado_Verilog_Tutorial/lab10/lab10_1_6/lab10_1_6.srcs/sources_1/new/divisible_by_3.v:75]
INFO: [Synth 8-6155] done synthesizing module 'divisible_by_3_with_timer' (2#1) [C:/Users/yvvan/Documents/Research/Vivado_Verilog_Tutorial/lab10/lab10_1_6/lab10_1_6.srcs/sources_1/new/divisible_by_3.v:53]
---------------------------------------------------------------------------------
Finished RTL Elaboration : Time (s): cpu = 00:00:07 ; elapsed = 00:00:07 . Memory (MB): peak = 1489.672 ; gain = 34.586
---------------------------------------------------------------------------------

Report Check Netlist: 
+------+------------------+-------+---------+-------+------------------+
|      |Item              |Errors |Warnings |Status |Description       |
+------+------------------+-------+---------+-------+------------------+
|1     |multi_driven_nets |      0|        0|Passed |Multi driven nets |
+------+------------------+-------+---------+-------+------------------+
---------------------------------------------------------------------------------
Start Handling Custom Attributes
---------------------------------------------------------------------------------
---------------------------------------------------------------------------------
Finished Handling Custom Attributes : Time (s): cpu = 00:00:07 ; elapsed = 00:00:08 . Memory (MB): peak = 1489.672 ; gain = 34.586
---------------------------------------------------------------------------------
---------------------------------------------------------------------------------
Finished RTL Optimization Phase 1 : Time (s): cpu = 00:00:07 ; elapsed = 00:00:08 . Memory (MB): peak = 1489.672 ; gain = 34.586
---------------------------------------------------------------------------------
INFO: [Project 1-570] Preparing netlist for logic optimization

Processing XDC Constraints
Initializing timing engine
Parsing XDC File [C:/Users/yvvan/Documents/Research/Vivado_Verilog_Tutorial/lab10/lab10_1_6/Basys3_Master.xdc]
Finished Parsing XDC File [C:/Users/yvvan/Documents/Research/Vivado_Verilog_Tutorial/lab10/lab10_1_6/Basys3_Master.xdc]
Completed Processing XDC Constraints

INFO: [Opt 31-138] Pushed 0 inverter(s) to 0 load pin(s).
refresh_design: Time (s): cpu = 00:00:28 ; elapsed = 00:00:16 . Memory (MB): peak = 1576.117 ; gain = 121.031
reset_run synth_1
launch_runs synth_1 -jobs 4
[Sat Mar 26 19:42:42 2022] Launched synth_1...
Run output will be captured here: C:/Users/yvvan/Documents/Research/Vivado_Verilog_Tutorial/lab10/lab10_1_6/lab10_1_6.runs/synth_1/runme.log
launch_runs impl_1 -jobs 4
[Sat Mar 26 19:44:19 2022] Launched impl_1...
Run output will be captured here: C:/Users/yvvan/Documents/Research/Vivado_Verilog_Tutorial/lab10/lab10_1_6/lab10_1_6.runs/impl_1/runme.log
launch_runs impl_1 -to_step write_bitstream -jobs 4
[Sat Mar 26 19:48:06 2022] Launched impl_1...
Run output will be captured here: C:/Users/yvvan/Documents/Research/Vivado_Verilog_Tutorial/lab10/lab10_1_6/lab10_1_6.runs/impl_1/runme.log
open_hw
connect_hw_server
INFO: [Labtools 27-2285] Connecting to hw_server url TCP:localhost:3121
INFO: [Labtools 27-2222] Launching hw_server...
INFO: [Labtools 27-2221] Launch Output:

****** Xilinx hw_server v2019.1
  **** Build date : May 24 2019 at 15:13:31
    ** Copyright 1986-2019 Xilinx, Inc. All Rights Reserved.


open_hw_target
INFO: [Labtoolstcl 44-466] Opening hw_target localhost:3121/xilinx_tcf/Digilent/210183B462B7A
open_hw_target: Time (s): cpu = 00:00:08 ; elapsed = 00:00:08 . Memory (MB): peak = 2686.469 ; gain = 1086.887
set_property PROGRAM.FILE {C:/Users/yvvan/Documents/Research/Vivado_Verilog_Tutorial/lab10/lab10_1_6/lab10_1_6.runs/impl_1/divisible_by_3_with_timer.bit} [get_hw_devices xc7a35t_0]
current_hw_device [get_hw_devices xc7a35t_0]
refresh_hw_device -update_hw_probes false [lindex [get_hw_devices xc7a35t_0] 0]
INFO: [Labtools 27-1434] Device xc7a35t (JTAG device index = 0) is programmed with a design that has no supported debug core(s) in it.
set_property PROBES.FILE {} [get_hw_devices xc7a35t_0]
set_property FULL_PROBES.FILE {} [get_hw_devices xc7a35t_0]
set_property PROGRAM.FILE {C:/Users/yvvan/Documents/Research/Vivado_Verilog_Tutorial/lab10/lab10_1_6/lab10_1_6.runs/impl_1/divisible_by_3_with_timer.bit} [get_hw_devices xc7a35t_0]
program_hw_devices [get_hw_devices xc7a35t_0]
INFO: [Labtools 27-3164] End of startup status: HIGH
refresh_hw_device [lindex [get_hw_devices xc7a35t_0] 0]
INFO: [Labtools 27-1434] Device xc7a35t (JTAG device index = 0) is programmed with a design that has no supported debug core(s) in it.
set_property PROBES.FILE {} [get_hw_devices xc7a35t_0]
set_property FULL_PROBES.FILE {} [get_hw_devices xc7a35t_0]
set_property PROGRAM.FILE {C:/Users/yvvan/Documents/Research/Vivado_Verilog_Tutorial/lab10/lab10_1_6/lab10_1_6.runs/impl_1/divisible_by_3_with_timer.bit} [get_hw_devices xc7a35t_0]
program_hw_devices [get_hw_devices xc7a35t_0]
INFO: [Labtools 27-3164] End of startup status: HIGH
refresh_hw_device [lindex [get_hw_devices xc7a35t_0] 0]
INFO: [Labtools 27-1434] Device xc7a35t (JTAG device index = 0) is programmed with a design that has no supported debug core(s) in it.
exit
INFO: [Common 17-206] Exiting Vivado at Sat Mar 26 19:55:39 2022...
