#-----------------------------------------------------------
# Vivado v2019.1 (64-bit)
# SW Build 2552052 on Fri May 24 14:49:42 MDT 2019
# IP Build 2548770 on Fri May 24 18:01:18 MDT 2019
# Start of session at: Mon Mar 28 02:43:36 2022
# Process ID: 16304
# Current directory: C:/Users/yvvan/Documents/Research/Vivado_Verilog_Tutorial/lab10/lab10_4_1
# Command line: vivado.exe -gui_launcher_event rodinguilauncherevent20108 C:\Users\yvvan\Documents\Research\Vivado_Verilog_Tutorial\lab10\lab10_4_1\lab10_4_1.xpr
# Log file: C:/Users/yvvan/Documents/Research/Vivado_Verilog_Tutorial/lab10/lab10_4_1/vivado.log
# Journal file: C:/Users/yvvan/Documents/Research/Vivado_Verilog_Tutorial/lab10/lab10_4_1\vivado.jou
#-----------------------------------------------------------
start_gui
open_project C:/Users/yvvan/Documents/Research/Vivado_Verilog_Tutorial/lab10/lab10_4_1/lab10_4_1.xpr
Scanning sources...
Finished scanning sources
INFO: [IP_Flow 19-234] Refreshing IP repositories
INFO: [IP_Flow 19-1704] No user IP repositories specified
INFO: [IP_Flow 19-2313] Loaded Vivado IP repository 'C:/Xilinx/Vivado/2019.1/data/ip'.
open_project: Time (s): cpu = 00:00:30 ; elapsed = 00:00:15 . Memory (MB): peak = 815.402 ; gain = 168.688
update_compile_order -fileset sources_1
synth_design -rtl -name rtl_1
Command: synth_design -rtl -name rtl_1
Starting synth_design
Using part: xc7a35tcpg236-1
Top: up_down_counter_fsm
INFO: [Device 21-403] Loading part xc7a35tcpg236-1
---------------------------------------------------------------------------------
Starting RTL Elaboration : Time (s): cpu = 00:00:06 ; elapsed = 00:00:06 . Memory (MB): peak = 1309.379 ; gain = 168.809
---------------------------------------------------------------------------------
INFO: [Synth 8-6157] synthesizing module 'up_down_counter_fsm' [C:/Users/yvvan/Documents/Research/Vivado_Verilog_Tutorial/lab10/lab10_4_1/lab10_4_1.srcs/sources_1/new/up_down_counter_fsm.v:120]
	Parameter max_num bound to: 9999 - type: integer 
	Parameter start bound to: 0 - type: integer 
	Parameter s_wait bound to: 1 - type: integer 
	Parameter up bound to: 2 - type: integer 
	Parameter down bound to: 3 - type: integer 
INFO: [Synth 8-6157] synthesizing module 'timer' [C:/Users/yvvan/Documents/Research/Vivado_Verilog_Tutorial/lab10/lab10_4_1/lab10_4_1.srcs/sources_1/new/up_down_counter_fsm.v:94]
	Parameter max_cnt bound to: 25000000 - type: integer 
INFO: [Synth 8-6155] done synthesizing module 'timer' (1#1) [C:/Users/yvvan/Documents/Research/Vivado_Verilog_Tutorial/lab10/lab10_4_1/lab10_4_1.srcs/sources_1/new/up_down_counter_fsm.v:94]
INFO: [Synth 8-226] default block is never used [C:/Users/yvvan/Documents/Research/Vivado_Verilog_Tutorial/lab10/lab10_4_1/lab10_4_1.srcs/sources_1/new/up_down_counter_fsm.v:158]
INFO: [Synth 8-6157] synthesizing module 'bcd_to_7seg' [C:/Users/yvvan/Documents/Research/Vivado_Verilog_Tutorial/lab10/lab10_4_1/lab10_4_1.srcs/sources_1/new/up_down_counter_fsm.v:22]
INFO: [Synth 8-6155] done synthesizing module 'bcd_to_7seg' (2#1) [C:/Users/yvvan/Documents/Research/Vivado_Verilog_Tutorial/lab10/lab10_4_1/lab10_4_1.srcs/sources_1/new/up_down_counter_fsm.v:22]
INFO: [Synth 8-6155] done synthesizing module 'up_down_counter_fsm' (3#1) [C:/Users/yvvan/Documents/Research/Vivado_Verilog_Tutorial/lab10/lab10_4_1/lab10_4_1.srcs/sources_1/new/up_down_counter_fsm.v:120]
---------------------------------------------------------------------------------
Finished RTL Elaboration : Time (s): cpu = 00:00:09 ; elapsed = 00:00:08 . Memory (MB): peak = 1372.566 ; gain = 231.996
---------------------------------------------------------------------------------

Report Check Netlist: 
+------+------------------+-------+---------+-------+------------------+
|      |Item              |Errors |Warnings |Status |Description       |
+------+------------------+-------+---------+-------+------------------+
|1     |multi_driven_nets |      0|        0|Passed |Multi driven nets |
+------+------------------+-------+---------+-------+------------------+
---------------------------------------------------------------------------------
Start Handling Custom Attributes
---------------------------------------------------------------------------------
---------------------------------------------------------------------------------
Finished Handling Custom Attributes : Time (s): cpu = 00:00:10 ; elapsed = 00:00:09 . Memory (MB): peak = 1372.566 ; gain = 231.996
---------------------------------------------------------------------------------
---------------------------------------------------------------------------------
Finished RTL Optimization Phase 1 : Time (s): cpu = 00:00:10 ; elapsed = 00:00:09 . Memory (MB): peak = 1372.566 ; gain = 231.996
---------------------------------------------------------------------------------
INFO: [Project 1-570] Preparing netlist for logic optimization

Processing XDC Constraints
Initializing timing engine
Parsing XDC File [C:/Users/yvvan/Documents/Research/Vivado_Verilog_Tutorial/lab10/lab10_4_1/Basys3_Master.xdc]
Finished Parsing XDC File [C:/Users/yvvan/Documents/Research/Vivado_Verilog_Tutorial/lab10/lab10_4_1/Basys3_Master.xdc]
Completed Processing XDC Constraints

INFO: [Opt 31-138] Pushed 0 inverter(s) to 0 load pin(s).
Netlist sorting complete. Time (s): cpu = 00:00:00 ; elapsed = 00:00:00 . Memory (MB): peak = 1476.211 ; gain = 0.000
INFO: [Project 1-111] Unisim Transformation Summary:
No Unisim elements were transformed.

RTL Elaboration Complete:  : Time (s): cpu = 00:00:41 ; elapsed = 00:00:20 . Memory (MB): peak = 1507.625 ; gain = 367.055
11 Infos, 0 Warnings, 0 Critical Warnings and 0 Errors encountered.
synth_design completed successfully
synth_design: Time (s): cpu = 00:00:51 ; elapsed = 00:00:32 . Memory (MB): peak = 1507.625 ; gain = 507.441
reset_run synth_1
launch_runs synth_1 -jobs 4
[Mon Mar 28 02:49:17 2022] Launched synth_1...
Run output will be captured here: C:/Users/yvvan/Documents/Research/Vivado_Verilog_Tutorial/lab10/lab10_4_1/lab10_4_1.runs/synth_1/runme.log
launch_runs impl_1 -jobs 4
[Mon Mar 28 02:51:10 2022] Launched impl_1...
Run output will be captured here: C:/Users/yvvan/Documents/Research/Vivado_Verilog_Tutorial/lab10/lab10_4_1/lab10_4_1.runs/impl_1/runme.log
launch_runs impl_1 -to_step write_bitstream -jobs 4
[Mon Mar 28 02:53:26 2022] Launched impl_1...
Run output will be captured here: C:/Users/yvvan/Documents/Research/Vivado_Verilog_Tutorial/lab10/lab10_4_1/lab10_4_1.runs/impl_1/runme.log
open_hw
connect_hw_server
INFO: [Labtools 27-2285] Connecting to hw_server url TCP:localhost:3121
INFO: [Labtools 27-2222] Launching hw_server...
INFO: [Labtools 27-2221] Launch Output:

****** Xilinx hw_server v2019.1
  **** Build date : May 24 2019 at 15:13:31
    ** Copyright 1986-2019 Xilinx, Inc. All Rights Reserved.


open_hw_target
INFO: [Labtoolstcl 44-466] Opening hw_target localhost:3121/xilinx_tcf/Digilent/210183B462B7A
open_hw_target: Time (s): cpu = 00:00:07 ; elapsed = 00:00:08 . Memory (MB): peak = 2592.000 ; gain = 1084.375
set_property PROGRAM.FILE {C:/Users/yvvan/Documents/Research/Vivado_Verilog_Tutorial/lab10/lab10_4_1/lab10_4_1.runs/impl_1/up_down_counter_fsm.bit} [get_hw_devices xc7a35t_0]
current_hw_device [get_hw_devices xc7a35t_0]
refresh_hw_device -update_hw_probes false [lindex [get_hw_devices xc7a35t_0] 0]
INFO: [Labtools 27-1434] Device xc7a35t (JTAG device index = 0) is programmed with a design that has no supported debug core(s) in it.
set_property PROBES.FILE {} [get_hw_devices xc7a35t_0]
set_property FULL_PROBES.FILE {} [get_hw_devices xc7a35t_0]
set_property PROGRAM.FILE {C:/Users/yvvan/Documents/Research/Vivado_Verilog_Tutorial/lab10/lab10_4_1/lab10_4_1.runs/impl_1/up_down_counter_fsm.bit} [get_hw_devices xc7a35t_0]
program_hw_devices [get_hw_devices xc7a35t_0]
INFO: [Labtools 27-3164] End of startup status: HIGH
refresh_hw_device [lindex [get_hw_devices xc7a35t_0] 0]
INFO: [Labtools 27-1434] Device xc7a35t (JTAG device index = 0) is programmed with a design that has no supported debug core(s) in it.
exit
INFO: [Common 17-206] Exiting Vivado at Mon Mar 28 02:55:43 2022...
