#-----------------------------------------------------------
# Vivado v2019.1 (64-bit)
# SW Build 2552052 on Fri May 24 14:49:42 MDT 2019
# IP Build 2548770 on Fri May 24 18:01:18 MDT 2019
# Start of session at: Mon Feb 28 21:19:30 2022
# Process ID: 14680
# Current directory: C:/Users/yvvan/Documents/Research/Vivado_Verilog_Tutorial/lab3/lab3_1_1
# Command line: vivado.exe -gui_launcher_event rodinguilauncherevent9052 C:\Users\yvvan\Documents\Research\Vivado_Verilog_Tutorial\lab3\lab3_1_1\lab3_1_1.xpr
# Log file: C:/Users/yvvan/Documents/Research/Vivado_Verilog_Tutorial/lab3/lab3_1_1/vivado.log
# Journal file: C:/Users/yvvan/Documents/Research/Vivado_Verilog_Tutorial/lab3/lab3_1_1\vivado.jou
#-----------------------------------------------------------
start_gui
open_project C:/Users/yvvan/Documents/Research/Vivado_Verilog_Tutorial/lab3/lab3_1_1/lab3_1_1.xpr
Scanning sources...
Finished scanning sources
INFO: [IP_Flow 19-234] Refreshing IP repositories
INFO: [IP_Flow 19-1704] No user IP repositories specified
INFO: [IP_Flow 19-2313] Loaded Vivado IP repository 'C:/Xilinx/Vivado/2019.1/data/ip'.
open_project: Time (s): cpu = 00:00:18 ; elapsed = 00:00:08 . Memory (MB): peak = 842.574 ; gain = 160.426
update_compile_order -fileset sources_1
launch_simulation
INFO: [Vivado 12-5682] Launching behavioral simulation in 'C:/Users/yvvan/Documents/Research/Vivado_Verilog_Tutorial/lab3/lab3_1_1/lab3_1_1.sim/sim_1/behav/xsim'
INFO: [SIM-utils-51] Simulation object is 'sim_1'
INFO: [SIM-utils-54] Inspecting design source files for 'decoder_3to8_dataflow_tb' in fileset 'sim_1'...
INFO: [USF-XSim-97] Finding global include files...
INFO: [USF-XSim-98] Fetching design files from 'sim_1'...
INFO: [USF-XSim-2] XSim::Compile design
INFO: [USF-XSim-61] Executing 'COMPILE and ANALYZE' step in 'C:/Users/yvvan/Documents/Research/Vivado_Verilog_Tutorial/lab3/lab3_1_1/lab3_1_1.sim/sim_1/behav/xsim'
"xvlog --incr --relax -prj decoder_3to8_dataflow_tb_vlog.prj"
INFO: [VRFC 10-2263] Analyzing Verilog file "C:/Users/yvvan/Documents/Research/Vivado_Verilog_Tutorial/lab3/lab3_1_1/decoder_3to8_dataflow_tb.v" into library xil_defaultlib
INFO: [VRFC 10-311] analyzing module decoder_3to8_dataflow_tb
INFO: [USF-XSim-69] 'compile' step finished in '1' seconds
INFO: [USF-XSim-3] XSim::Elaborate design
INFO: [USF-XSim-61] Executing 'ELABORATE' step in 'C:/Users/yvvan/Documents/Research/Vivado_Verilog_Tutorial/lab3/lab3_1_1/lab3_1_1.sim/sim_1/behav/xsim'
"xelab -wto c9745b28571b44a39cb815b5e7791dd9 --incr --debug typical --relax --mt 2 -L xil_defaultlib -L unisims_ver -L unimacro_ver -L secureip --snapshot decoder_3to8_dataflow_tb_behav xil_defaultlib.decoder_3to8_dataflow_tb xil_defaultlib.glbl -log elaborate.log"
Vivado Simulator 2019.1
Copyright 1986-1999, 2001-2019 Xilinx, Inc. All Rights Reserved.
Running: C:/Xilinx/Vivado/2019.1/bin/unwrapped/win64.o/xelab.exe -wto c9745b28571b44a39cb815b5e7791dd9 --incr --debug typical --relax --mt 2 -L xil_defaultlib -L unisims_ver -L unimacro_ver -L secureip --snapshot decoder_3to8_dataflow_tb_behav xil_defaultlib.decoder_3to8_dataflow_tb xil_defaultlib.glbl -log elaborate.log 
Using 2 slave threads.
Starting static elaboration
Completed static elaboration
Starting simulation data flow analysis
Completed simulation data flow analysis
Time Resolution for simulation is 1ps
Compiling module xil_defaultlib.decoder_3to8
Compiling module xil_defaultlib.decoder_3to8_dataflow_tb
Compiling module xil_defaultlib.glbl
Built simulation snapshot decoder_3to8_dataflow_tb_behav

****** Webtalk v2019.1 (64-bit)
  **** SW Build 2552052 on Fri May 24 14:49:42 MDT 2019
  **** IP Build 2548770 on Fri May 24 18:01:18 MDT 2019
    ** Copyright 1986-2019 Xilinx, Inc. All Rights Reserved.

source C:/Users/yvvan/Documents/Research/Vivado_Verilog_Tutorial/lab3/lab3_1_1/lab3_1_1.sim/sim_1/behav/xsim/xsim.dir/decoder_3to8_dataflow_tb_behav/webtalk/xsim_webtalk.tcl -notrace
INFO: [Common 17-186] 'C:/Users/yvvan/Documents/Research/Vivado_Verilog_Tutorial/lab3/lab3_1_1/lab3_1_1.sim/sim_1/behav/xsim/xsim.dir/decoder_3to8_dataflow_tb_behav/webtalk/usage_statistics_ext_xsim.xml' has been successfully sent to Xilinx on Mon Feb 28 21:20:23 2022. For additional details about this file, please refer to the WebTalk help file at C:/Xilinx/Vivado/2019.1/doc/webtalk_introduction.html.
webtalk_transmit: Time (s): cpu = 00:00:00 ; elapsed = 00:00:12 . Memory (MB): peak = 109.016 ; gain = 17.551
INFO: [Common 17-206] Exiting Webtalk at Mon Feb 28 21:20:23 2022...
run_program: Time (s): cpu = 00:00:01 ; elapsed = 00:00:15 . Memory (MB): peak = 889.023 ; gain = 0.000
INFO: [USF-XSim-69] 'elaborate' step finished in '15' seconds
INFO: [USF-XSim-4] XSim::Simulate design
INFO: [USF-XSim-61] Executing 'SIMULATE' step in 'C:/Users/yvvan/Documents/Research/Vivado_Verilog_Tutorial/lab3/lab3_1_1/lab3_1_1.sim/sim_1/behav/xsim'
INFO: [USF-XSim-98] *** Running xsim
   with args "decoder_3to8_dataflow_tb_behav -key {Behavioral:sim_1:Functional:decoder_3to8_dataflow_tb} -tclbatch {decoder_3to8_dataflow_tb.tcl} -log {simulate.log}"
INFO: [USF-XSim-8] Loading simulator feature
Vivado Simulator 2019.1
Time resolution is 1 ps
source decoder_3to8_dataflow_tb.tcl
# set curr_wave [current_wave_config]
# if { [string length $curr_wave] == 0 } {
#   if { [llength [get_objects]] > 0} {
#     add_wave /
#     set_property needs_save false [current_wave_config]
#   } else {
#      send_msg_id Add_Wave-1 WARNING "No top level signals found. Simulator will start without a wave window. If you want to open a wave window go to 'File->New Waveform Configuration' or type 'create_wave_config' in the TCL console."
#   }
# }
# run 1000ns
INFO: [USF-XSim-96] XSim completed. Design snapshot 'decoder_3to8_dataflow_tb_behav' loaded.
INFO: [USF-XSim-97] XSim simulation ran for 1000ns
launch_simulation: Time (s): cpu = 00:00:09 ; elapsed = 00:00:21 . Memory (MB): peak = 921.359 ; gain = 32.336
synth_design -rtl -name rtl_1
Command: synth_design -rtl -name rtl_1
Starting synth_design
Using part: xc7a35tcpg236-1
Top: decoder_3to8
INFO: [Device 21-403] Loading part xc7a35tcpg236-1
---------------------------------------------------------------------------------
Starting RTL Elaboration : Time (s): cpu = 00:00:03 ; elapsed = 00:00:04 . Memory (MB): peak = 1327.379 ; gain = 185.449
---------------------------------------------------------------------------------
INFO: [Synth 8-6157] synthesizing module 'decoder_3to8' [C:/Users/yvvan/Documents/Research/Vivado_Verilog_Tutorial/lab3/lab3_1_1/lab3_1_1.srcs/sources_1/new/decoder_3to8.v:23]
INFO: [Synth 8-226] default block is never used [C:/Users/yvvan/Documents/Research/Vivado_Verilog_Tutorial/lab3/lab3_1_1/lab3_1_1.srcs/sources_1/new/decoder_3to8.v:30]
INFO: [Synth 8-6155] done synthesizing module 'decoder_3to8' (1#1) [C:/Users/yvvan/Documents/Research/Vivado_Verilog_Tutorial/lab3/lab3_1_1/lab3_1_1.srcs/sources_1/new/decoder_3to8.v:23]
---------------------------------------------------------------------------------
Finished RTL Elaboration : Time (s): cpu = 00:00:04 ; elapsed = 00:00:05 . Memory (MB): peak = 1357.941 ; gain = 216.012
---------------------------------------------------------------------------------

Report Check Netlist: 
+------+------------------+-------+---------+-------+------------------+
|      |Item              |Errors |Warnings |Status |Description       |
+------+------------------+-------+---------+-------+------------------+
|1     |multi_driven_nets |      0|        0|Passed |Multi driven nets |
+------+------------------+-------+---------+-------+------------------+
---------------------------------------------------------------------------------
Start Handling Custom Attributes
---------------------------------------------------------------------------------
---------------------------------------------------------------------------------
Finished Handling Custom Attributes : Time (s): cpu = 00:00:05 ; elapsed = 00:00:05 . Memory (MB): peak = 1357.941 ; gain = 216.012
---------------------------------------------------------------------------------
---------------------------------------------------------------------------------
Finished RTL Optimization Phase 1 : Time (s): cpu = 00:00:05 ; elapsed = 00:00:05 . Memory (MB): peak = 1357.941 ; gain = 216.012
---------------------------------------------------------------------------------
INFO: [Project 1-570] Preparing netlist for logic optimization

Processing XDC Constraints
Initializing timing engine
Parsing XDC File [C:/Users/yvvan/Documents/Research/Vivado_Verilog_Tutorial/lab3/lab3_1_1/Basys3_Master.xdc]
Finished Parsing XDC File [C:/Users/yvvan/Documents/Research/Vivado_Verilog_Tutorial/lab3/lab3_1_1/Basys3_Master.xdc]
Completed Processing XDC Constraints

INFO: [Opt 31-138] Pushed 0 inverter(s) to 0 load pin(s).
Netlist sorting complete. Time (s): cpu = 00:00:00 ; elapsed = 00:00:00 . Memory (MB): peak = 1409.746 ; gain = 0.000
INFO: [Project 1-111] Unisim Transformation Summary:
No Unisim elements were transformed.

RTL Elaboration Complete:  : Time (s): cpu = 00:00:24 ; elapsed = 00:00:12 . Memory (MB): peak = 1503.883 ; gain = 361.953
7 Infos, 0 Warnings, 0 Critical Warnings and 0 Errors encountered.
synth_design completed successfully
synth_design: Time (s): cpu = 00:00:31 ; elapsed = 00:00:19 . Memory (MB): peak = 1503.883 ; gain = 561.238
set_property -name {xsim.simulate.runtime} -value {50ns} -objects [get_filesets sim_1]
WARNING: [filemgmt 56-199] Attempt to get parsing info during refresh. "On-the-fly" syntax checking information may be incorrect. [C:/Users/yvvan/Documents/Research/Vivado_Verilog_Tutorial/lab3/lab3_1_1/decoder_3to8_dataflow_tb.v:]
WARNING: [filemgmt 56-199] Attempt to get parsing info during refresh. "On-the-fly" syntax checking information may be incorrect. [C:/Users/yvvan/Documents/Research/Vivado_Verilog_Tutorial/lab3/lab3_1_1/lab3_1_1.srcs/sources_1/new/decoder_3to8.v:]
ERROR: [Common 17-180] Spawn failed: No error
close_sim
INFO: [Simtcl 6-16] Simulation closed
close_sim: Time (s): cpu = 00:00:03 ; elapsed = 00:00:15 . Memory (MB): peak = 1547.891 ; gain = 41.492
launch_simulation
INFO: [Vivado 12-5682] Launching behavioral simulation in 'C:/Users/yvvan/Documents/Research/Vivado_Verilog_Tutorial/lab3/lab3_1_1/lab3_1_1.sim/sim_1/behav/xsim'
INFO: [SIM-utils-51] Simulation object is 'sim_1'
INFO: [SIM-utils-54] Inspecting design source files for 'decoder_3to8_dataflow_tb' in fileset 'sim_1'...
INFO: [USF-XSim-97] Finding global include files...
INFO: [USF-XSim-98] Fetching design files from 'sim_1'...
INFO: [USF-XSim-2] XSim::Compile design
INFO: [USF-XSim-61] Executing 'COMPILE and ANALYZE' step in 'C:/Users/yvvan/Documents/Research/Vivado_Verilog_Tutorial/lab3/lab3_1_1/lab3_1_1.sim/sim_1/behav/xsim'
"xvlog --incr --relax -prj decoder_3to8_dataflow_tb_vlog.prj"
INFO: [VRFC 10-2263] Analyzing Verilog file "C:/Users/yvvan/Documents/Research/Vivado_Verilog_Tutorial/lab3/lab3_1_1/lab3_1_1.srcs/sources_1/new/decoder_3to8.v" into library xil_defaultlib
INFO: [VRFC 10-311] analyzing module decoder_3to8
INFO: [VRFC 10-2263] Analyzing Verilog file "C:/Users/yvvan/Documents/Research/Vivado_Verilog_Tutorial/lab3/lab3_1_1/decoder_3to8_dataflow_tb.v" into library xil_defaultlib
INFO: [VRFC 10-311] analyzing module decoder_3to8_dataflow_tb
INFO: [USF-XSim-69] 'compile' step finished in '2' seconds
INFO: [USF-XSim-3] XSim::Elaborate design
INFO: [USF-XSim-61] Executing 'ELABORATE' step in 'C:/Users/yvvan/Documents/Research/Vivado_Verilog_Tutorial/lab3/lab3_1_1/lab3_1_1.sim/sim_1/behav/xsim'
"xelab -wto c9745b28571b44a39cb815b5e7791dd9 --incr --debug typical --relax --mt 2 -L xil_defaultlib -L unisims_ver -L unimacro_ver -L secureip --snapshot decoder_3to8_dataflow_tb_behav xil_defaultlib.decoder_3to8_dataflow_tb xil_defaultlib.glbl -log elaborate.log"
Vivado Simulator 2019.1
Copyright 1986-1999, 2001-2019 Xilinx, Inc. All Rights Reserved.
Running: C:/Xilinx/Vivado/2019.1/bin/unwrapped/win64.o/xelab.exe -wto c9745b28571b44a39cb815b5e7791dd9 --incr --debug typical --relax --mt 2 -L xil_defaultlib -L unisims_ver -L unimacro_ver -L secureip --snapshot decoder_3to8_dataflow_tb_behav xil_defaultlib.decoder_3to8_dataflow_tb xil_defaultlib.glbl -log elaborate.log 
Using 2 slave threads.
Starting static elaboration
Completed static elaboration
Starting simulation data flow analysis
Completed simulation data flow analysis
Time Resolution for simulation is 1ps
Compiling module xil_defaultlib.decoder_3to8
Compiling module xil_defaultlib.decoder_3to8_dataflow_tb
Compiling module xil_defaultlib.glbl
Built simulation snapshot decoder_3to8_dataflow_tb_behav
INFO: [USF-XSim-69] 'elaborate' step finished in '1' seconds
INFO: [USF-XSim-4] XSim::Simulate design
INFO: [USF-XSim-61] Executing 'SIMULATE' step in 'C:/Users/yvvan/Documents/Research/Vivado_Verilog_Tutorial/lab3/lab3_1_1/lab3_1_1.sim/sim_1/behav/xsim'
INFO: [USF-XSim-98] *** Running xsim
   with args "decoder_3to8_dataflow_tb_behav -key {Behavioral:sim_1:Functional:decoder_3to8_dataflow_tb} -tclbatch {decoder_3to8_dataflow_tb.tcl} -log {simulate.log}"
INFO: [USF-XSim-8] Loading simulator feature
Vivado Simulator 2019.1
Time resolution is 1 ps
source decoder_3to8_dataflow_tb.tcl
# set curr_wave [current_wave_config]
# if { [string length $curr_wave] == 0 } {
#   if { [llength [get_objects]] > 0} {
#     add_wave /
#     set_property needs_save false [current_wave_config]
#   } else {
#      send_msg_id Add_Wave-1 WARNING "No top level signals found. Simulator will start without a wave window. If you want to open a wave window go to 'File->New Waveform Configuration' or type 'create_wave_config' in the TCL console."
#   }
# }
# run 50ns
INFO: [USF-XSim-96] XSim completed. Design snapshot 'decoder_3to8_dataflow_tb_behav' loaded.
INFO: [USF-XSim-97] XSim simulation ran for 50ns
launch_simulation: Time (s): cpu = 00:00:05 ; elapsed = 00:00:06 . Memory (MB): peak = 1547.891 ; gain = 0.000
reset_run synth_1
WARNING: [Vivado 12-1017] Problems encountered:
1. Failed to delete one or more files in run directory C:/Users/yvvan/Documents/Research/Vivado_Verilog_Tutorial/lab3/lab3_1_1/lab3_1_1.runs/synth_1

launch_runs synth_1 -jobs 4
[Mon Feb 28 21:26:05 2022] Launched synth_1...
Run output will be captured here: C:/Users/yvvan/Documents/Research/Vivado_Verilog_Tutorial/lab3/lab3_1_1/lab3_1_1.runs/synth_1/runme.log
launch_runs impl_1 -jobs 4
[Mon Feb 28 21:26:50 2022] Launched impl_1...
Run output will be captured here: C:/Users/yvvan/Documents/Research/Vivado_Verilog_Tutorial/lab3/lab3_1_1/lab3_1_1.runs/impl_1/runme.log
launch_runs impl_1 -to_step write_bitstream -jobs 4
[Mon Feb 28 21:28:06 2022] Launched impl_1...
Run output will be captured here: C:/Users/yvvan/Documents/Research/Vivado_Verilog_Tutorial/lab3/lab3_1_1/lab3_1_1.runs/impl_1/runme.log
open_hw
connect_hw_server
INFO: [Labtools 27-2285] Connecting to hw_server url TCP:localhost:3121
INFO: [Labtools 27-2222] Launching hw_server...
INFO: [Labtools 27-2221] Launch Output:

****** Xilinx hw_server v2019.1
  **** Build date : May 24 2019 at 15:13:31
    ** Copyright 1986-2019 Xilinx, Inc. All Rights Reserved.


open_hw_target
INFO: [Labtoolstcl 44-466] Opening hw_target localhost:3121/xilinx_tcf/Digilent/210183B462B7A
set_property PROGRAM.FILE {C:/Users/yvvan/Documents/Research/Vivado_Verilog_Tutorial/lab3/lab3_1_1/lab3_1_1.runs/impl_1/decoder_3to8.bit} [get_hw_devices xc7a35t_0]
current_hw_device [get_hw_devices xc7a35t_0]
refresh_hw_device -update_hw_probes false [lindex [get_hw_devices xc7a35t_0] 0]
INFO: [Labtools 27-1434] Device xc7a35t (JTAG device index = 0) is programmed with a design that has no supported debug core(s) in it.
set_property PROBES.FILE {} [get_hw_devices xc7a35t_0]
set_property FULL_PROBES.FILE {} [get_hw_devices xc7a35t_0]
set_property PROGRAM.FILE {C:/Users/yvvan/Documents/Research/Vivado_Verilog_Tutorial/lab3/lab3_1_1/lab3_1_1.runs/impl_1/decoder_3to8.bit} [get_hw_devices xc7a35t_0]
program_hw_devices [get_hw_devices xc7a35t_0]
INFO: [Labtools 27-3164] End of startup status: HIGH
refresh_hw_device [lindex [get_hw_devices xc7a35t_0] 0]
INFO: [Labtools 27-1434] Device xc7a35t (JTAG device index = 0) is programmed with a design that has no supported debug core(s) in it.
close_sim
INFO: [Simtcl 6-16] Simulation closed
exit
INFO: [Common 17-206] Exiting Vivado at Mon Feb 28 22:11:16 2022...
