#-----------------------------------------------------------
# Vivado v2019.1 (64-bit)
# SW Build 2552052 on Fri May 24 14:49:42 MDT 2019
# IP Build 2548770 on Fri May 24 18:01:18 MDT 2019
# Start of session at: Mon Feb 28 22:35:31 2022
# Process ID: 21896
# Current directory: C:/Users/yvvan/Documents/Research/Vivado_Verilog_Tutorial/lab3/lab3_1_2
# Command line: vivado.exe -gui_launcher_event rodinguilauncherevent10156 C:\Users\yvvan\Documents\Research\Vivado_Verilog_Tutorial\lab3\lab3_1_2\lab3_1_2.xpr
# Log file: C:/Users/yvvan/Documents/Research/Vivado_Verilog_Tutorial/lab3/lab3_1_2/vivado.log
# Journal file: C:/Users/yvvan/Documents/Research/Vivado_Verilog_Tutorial/lab3/lab3_1_2\vivado.jou
#-----------------------------------------------------------
start_gui
open_project C:/Users/yvvan/Documents/Research/Vivado_Verilog_Tutorial/lab3/lab3_1_2/lab3_1_2.xpr
Scanning sources...
Finished scanning sources
INFO: [IP_Flow 19-234] Refreshing IP repositories
INFO: [IP_Flow 19-1704] No user IP repositories specified
INFO: [IP_Flow 19-2313] Loaded Vivado IP repository 'C:/Xilinx/Vivado/2019.1/data/ip'.
open_project: Time (s): cpu = 00:00:13 ; elapsed = 00:00:06 . Memory (MB): peak = 826.391 ; gain = 144.590
update_compile_order -fileset sources_1
synth_design -rtl -name rtl_1
Command: synth_design -rtl -name rtl_1
Starting synth_design
Using part: xc7a35tcpg236-1
Top: decoder_74138
INFO: [Device 21-403] Loading part xc7a35tcpg236-1
---------------------------------------------------------------------------------
Starting RTL Elaboration : Time (s): cpu = 00:00:03 ; elapsed = 00:00:03 . Memory (MB): peak = 1222.266 ; gain = 173.672
---------------------------------------------------------------------------------
INFO: [Synth 8-6157] synthesizing module 'decoder_74138' [C:/Users/yvvan/Documents/Research/Vivado_Verilog_Tutorial/lab3/lab3_1_2/lab3_1_2.srcs/sources_1/new/decoder_74138.v:47]
INFO: [Synth 8-6157] synthesizing module 'decoder_3to8' [C:/Users/yvvan/Documents/Research/Vivado_Verilog_Tutorial/lab3/lab3_1_2/lab3_1_2.srcs/sources_1/new/decoder_74138.v:22]
INFO: [Synth 8-226] default block is never used [C:/Users/yvvan/Documents/Research/Vivado_Verilog_Tutorial/lab3/lab3_1_2/lab3_1_2.srcs/sources_1/new/decoder_74138.v:29]
INFO: [Synth 8-6155] done synthesizing module 'decoder_3to8' (1#1) [C:/Users/yvvan/Documents/Research/Vivado_Verilog_Tutorial/lab3/lab3_1_2/lab3_1_2.srcs/sources_1/new/decoder_74138.v:22]
WARNING: [Synth 8-689] width (4) of port connection 'x' does not match port width (3) of module 'decoder_3to8' [C:/Users/yvvan/Documents/Research/Vivado_Verilog_Tutorial/lab3/lab3_1_2/lab3_1_2.srcs/sources_1/new/decoder_74138.v:57]
INFO: [Synth 8-6155] done synthesizing module 'decoder_74138' (2#1) [C:/Users/yvvan/Documents/Research/Vivado_Verilog_Tutorial/lab3/lab3_1_2/lab3_1_2.srcs/sources_1/new/decoder_74138.v:47]
WARNING: [Synth 8-3331] design decoder_74138 has unconnected port x[3]
---------------------------------------------------------------------------------
Finished RTL Elaboration : Time (s): cpu = 00:00:04 ; elapsed = 00:00:04 . Memory (MB): peak = 1294.543 ; gain = 245.949
---------------------------------------------------------------------------------

Report Check Netlist: 
+------+------------------+-------+---------+-------+------------------+
|      |Item              |Errors |Warnings |Status |Description       |
+------+------------------+-------+---------+-------+------------------+
|1     |multi_driven_nets |      0|        0|Passed |Multi driven nets |
+------+------------------+-------+---------+-------+------------------+
---------------------------------------------------------------------------------
Start Handling Custom Attributes
---------------------------------------------------------------------------------
---------------------------------------------------------------------------------
Finished Handling Custom Attributes : Time (s): cpu = 00:00:05 ; elapsed = 00:00:05 . Memory (MB): peak = 1294.543 ; gain = 245.949
---------------------------------------------------------------------------------
---------------------------------------------------------------------------------
Finished RTL Optimization Phase 1 : Time (s): cpu = 00:00:05 ; elapsed = 00:00:05 . Memory (MB): peak = 1294.543 ; gain = 245.949
---------------------------------------------------------------------------------
INFO: [Project 1-570] Preparing netlist for logic optimization

Processing XDC Constraints
Initializing timing engine
Completed Processing XDC Constraints

INFO: [Opt 31-138] Pushed 0 inverter(s) to 0 load pin(s).
Netlist sorting complete. Time (s): cpu = 00:00:00 ; elapsed = 00:00:00 . Memory (MB): peak = 1325.676 ; gain = 0.000
INFO: [Project 1-111] Unisim Transformation Summary:
No Unisim elements were transformed.

RTL Elaboration Complete:  : Time (s): cpu = 00:00:21 ; elapsed = 00:00:10 . Memory (MB): peak = 1437.648 ; gain = 389.055
9 Infos, 2 Warnings, 0 Critical Warnings and 0 Errors encountered.
synth_design completed successfully
synth_design: Time (s): cpu = 00:00:27 ; elapsed = 00:00:17 . Memory (MB): peak = 1437.648 ; gain = 593.242
launch_simulation
INFO: [Vivado 12-5682] Launching behavioral simulation in 'C:/Users/yvvan/Documents/Research/Vivado_Verilog_Tutorial/lab3/lab3_1_2/lab3_1_2.sim/sim_1/behav/xsim'
INFO: [SIM-utils-51] Simulation object is 'sim_1'
INFO: [SIM-utils-54] Inspecting design source files for 'decoder_74138_dataflow_tb' in fileset 'sim_1'...
INFO: [USF-XSim-97] Finding global include files...
INFO: [USF-XSim-98] Fetching design files from 'sim_1'...
INFO: [USF-XSim-2] XSim::Compile design
INFO: [USF-XSim-61] Executing 'COMPILE and ANALYZE' step in 'C:/Users/yvvan/Documents/Research/Vivado_Verilog_Tutorial/lab3/lab3_1_2/lab3_1_2.sim/sim_1/behav/xsim'
"xvlog --incr --relax -prj decoder_74138_dataflow_tb_vlog.prj"
INFO: [VRFC 10-2263] Analyzing Verilog file "C:/Users/yvvan/Documents/Research/Vivado_Verilog_Tutorial/lab3/lab3_1_2/decoder_74138_dataflow_tb.v" into library xil_defaultlib
INFO: [VRFC 10-311] analyzing module decoder_74138_dataflow_tb
INFO: [USF-XSim-69] 'compile' step finished in '2' seconds
INFO: [USF-XSim-3] XSim::Elaborate design
INFO: [USF-XSim-61] Executing 'ELABORATE' step in 'C:/Users/yvvan/Documents/Research/Vivado_Verilog_Tutorial/lab3/lab3_1_2/lab3_1_2.sim/sim_1/behav/xsim'
"xelab -wto d6128046eae645d2a7d22df49ad0d928 --incr --debug typical --relax --mt 2 -L xil_defaultlib -L unisims_ver -L unimacro_ver -L secureip --snapshot decoder_74138_dataflow_tb_behav xil_defaultlib.decoder_74138_dataflow_tb xil_defaultlib.glbl -log elaborate.log"
Vivado Simulator 2019.1
Copyright 1986-1999, 2001-2019 Xilinx, Inc. All Rights Reserved.
Running: C:/Xilinx/Vivado/2019.1/bin/unwrapped/win64.o/xelab.exe -wto d6128046eae645d2a7d22df49ad0d928 --incr --debug typical --relax --mt 2 -L xil_defaultlib -L unisims_ver -L unimacro_ver -L secureip --snapshot decoder_74138_dataflow_tb_behav xil_defaultlib.decoder_74138_dataflow_tb xil_defaultlib.glbl -log elaborate.log 
Using 2 slave threads.
Starting static elaboration
WARNING: [VRFC 10-3091] actual bit length 3 differs from formal bit length 4 for port 'x' [C:/Users/yvvan/Documents/Research/Vivado_Verilog_Tutorial/lab3/lab3_1_2/decoder_74138_dataflow_tb.v:14]
WARNING: [VRFC 10-3091] actual bit length 4 differs from formal bit length 3 for port 'x' [C:/Users/yvvan/Documents/Research/Vivado_Verilog_Tutorial/lab3/lab3_1_2/lab3_1_2.srcs/sources_1/new/decoder_74138.v:57]
Completed static elaboration
Starting simulation data flow analysis
Completed simulation data flow analysis
Time Resolution for simulation is 1ps
Compiling module xil_defaultlib.decoder_3to8
Compiling module xil_defaultlib.decoder_74138
Compiling module xil_defaultlib.decoder_74138_dataflow_tb
Compiling module xil_defaultlib.glbl
Built simulation snapshot decoder_74138_dataflow_tb_behav

****** Webtalk v2019.1 (64-bit)
  **** SW Build 2552052 on Fri May 24 14:49:42 MDT 2019
  **** IP Build 2548770 on Fri May 24 18:01:18 MDT 2019
    ** Copyright 1986-2019 Xilinx, Inc. All Rights Reserved.

source C:/Users/yvvan/Documents/Research/Vivado_Verilog_Tutorial/lab3/lab3_1_2/lab3_1_2.sim/sim_1/behav/xsim/xsim.dir/decoder_74138_dataflow_tb_behav/webtalk/xsim_webtalk.tcl -notrace
INFO: [Common 17-186] 'C:/Users/yvvan/Documents/Research/Vivado_Verilog_Tutorial/lab3/lab3_1_2/lab3_1_2.sim/sim_1/behav/xsim/xsim.dir/decoder_74138_dataflow_tb_behav/webtalk/usage_statistics_ext_xsim.xml' has been successfully sent to Xilinx on Mon Feb 28 22:37:10 2022. For additional details about this file, please refer to the WebTalk help file at C:/Xilinx/Vivado/2019.1/doc/webtalk_introduction.html.
webtalk_transmit: Time (s): cpu = 00:00:00 ; elapsed = 00:00:11 . Memory (MB): peak = 109.328 ; gain = 17.926
INFO: [Common 17-206] Exiting Webtalk at Mon Feb 28 22:37:10 2022...
run_program: Time (s): cpu = 00:00:01 ; elapsed = 00:00:14 . Memory (MB): peak = 1437.648 ; gain = 0.000
INFO: [USF-XSim-69] 'elaborate' step finished in '13' seconds
INFO: [USF-XSim-4] XSim::Simulate design
INFO: [USF-XSim-61] Executing 'SIMULATE' step in 'C:/Users/yvvan/Documents/Research/Vivado_Verilog_Tutorial/lab3/lab3_1_2/lab3_1_2.sim/sim_1/behav/xsim'
INFO: [USF-XSim-98] *** Running xsim
   with args "decoder_74138_dataflow_tb_behav -key {Behavioral:sim_1:Functional:decoder_74138_dataflow_tb} -tclbatch {decoder_74138_dataflow_tb.tcl} -log {simulate.log}"
INFO: [USF-XSim-8] Loading simulator feature
Vivado Simulator 2019.1
Time resolution is 1 ps
source decoder_74138_dataflow_tb.tcl
# set curr_wave [current_wave_config]
# if { [string length $curr_wave] == 0 } {
#   if { [llength [get_objects]] > 0} {
#     add_wave /
#     set_property needs_save false [current_wave_config]
#   } else {
#      send_msg_id Add_Wave-1 WARNING "No top level signals found. Simulator will start without a wave window. If you want to open a wave window go to 'File->New Waveform Configuration' or type 'create_wave_config' in the TCL console."
#   }
# }
# run 1000ns
INFO: [USF-XSim-96] XSim completed. Design snapshot 'decoder_74138_dataflow_tb_behav' loaded.
INFO: [USF-XSim-97] XSim simulation ran for 1000ns
launch_simulation: Time (s): cpu = 00:00:08 ; elapsed = 00:00:19 . Memory (MB): peak = 1437.648 ; gain = 0.000
launch_runs synth_1 -jobs 4
[Mon Feb 28 22:43:42 2022] Launched synth_1...
Run output will be captured here: C:/Users/yvvan/Documents/Research/Vivado_Verilog_Tutorial/lab3/lab3_1_2/lab3_1_2.runs/synth_1/runme.log
launch_runs impl_1 -jobs 4
[Mon Feb 28 22:44:15 2022] Launched impl_1...
Run output will be captured here: C:/Users/yvvan/Documents/Research/Vivado_Verilog_Tutorial/lab3/lab3_1_2/lab3_1_2.runs/impl_1/runme.log
launch_runs impl_1 -to_step write_bitstream -jobs 4
[Mon Feb 28 22:45:54 2022] Launched impl_1...
Run output will be captured here: C:/Users/yvvan/Documents/Research/Vivado_Verilog_Tutorial/lab3/lab3_1_2/lab3_1_2.runs/impl_1/runme.log
file mkdir C:/Users/yvvan/Documents/Research/Vivado_Verilog_Tutorial/lab3/lab3_1_2/lab3_1_2.srcs/constrs_1
add_files -fileset constrs_1 -norecurse C:/Users/yvvan/Documents/Research/Vivado_Verilog_Tutorial/lab3/lab3_1_2/Basys3_Master.xdc
close_sim
INFO: [Simtcl 6-16] Simulation closed
close_sim: Time (s): cpu = 00:00:03 ; elapsed = 00:00:14 . Memory (MB): peak = 1444.996 ; gain = 0.938
refresh_design
INFO: [Project 1-570] Preparing netlist for logic optimization

Processing XDC Constraints
Initializing timing engine
Parsing XDC File [C:/Users/yvvan/Documents/Research/Vivado_Verilog_Tutorial/lab3/lab3_1_2/Basys3_Master.xdc]
Finished Parsing XDC File [C:/Users/yvvan/Documents/Research/Vivado_Verilog_Tutorial/lab3/lab3_1_2/Basys3_Master.xdc]
Completed Processing XDC Constraints

INFO: [Opt 31-138] Pushed 0 inverter(s) to 0 load pin(s).
refresh_design: Time (s): cpu = 00:00:13 ; elapsed = 00:00:05 . Memory (MB): peak = 1502.227 ; gain = 57.230
reset_run synth_1
launch_runs synth_1 -jobs 4
[Mon Feb 28 22:52:39 2022] Launched synth_1...
Run output will be captured here: C:/Users/yvvan/Documents/Research/Vivado_Verilog_Tutorial/lab3/lab3_1_2/lab3_1_2.runs/synth_1/runme.log
launch_runs impl_1 -jobs 4
[Mon Feb 28 22:53:29 2022] Launched impl_1...
Run output will be captured here: C:/Users/yvvan/Documents/Research/Vivado_Verilog_Tutorial/lab3/lab3_1_2/lab3_1_2.runs/impl_1/runme.log
launch_runs impl_1 -to_step write_bitstream -jobs 4
[Mon Feb 28 22:54:48 2022] Launched impl_1...
Run output will be captured here: C:/Users/yvvan/Documents/Research/Vivado_Verilog_Tutorial/lab3/lab3_1_2/lab3_1_2.runs/impl_1/runme.log
open_hw
connect_hw_server
INFO: [Labtools 27-2285] Connecting to hw_server url TCP:localhost:3121
INFO: [Labtools 27-2222] Launching hw_server...
INFO: [Labtools 27-2221] Launch Output:

****** Xilinx hw_server v2019.1
  **** Build date : May 24 2019 at 15:13:31
    ** Copyright 1986-2019 Xilinx, Inc. All Rights Reserved.


open_hw_target
INFO: [Labtoolstcl 44-466] Opening hw_target localhost:3121/xilinx_tcf/Digilent/210183B462B7A
open_hw_target: Time (s): cpu = 00:00:07 ; elapsed = 00:00:07 . Memory (MB): peak = 2661.031 ; gain = 1091.785
set_property PROGRAM.FILE {C:/Users/yvvan/Documents/Research/Vivado_Verilog_Tutorial/lab3/lab3_1_2/lab3_1_2.runs/impl_1/decoder_74138.bit} [get_hw_devices xc7a35t_0]
current_hw_device [get_hw_devices xc7a35t_0]
refresh_hw_device -update_hw_probes false [lindex [get_hw_devices xc7a35t_0] 0]
INFO: [Labtools 27-1434] Device xc7a35t (JTAG device index = 0) is programmed with a design that has no supported debug core(s) in it.
set_property PROBES.FILE {} [get_hw_devices xc7a35t_0]
set_property FULL_PROBES.FILE {} [get_hw_devices xc7a35t_0]
set_property PROGRAM.FILE {C:/Users/yvvan/Documents/Research/Vivado_Verilog_Tutorial/lab3/lab3_1_2/lab3_1_2.runs/impl_1/decoder_74138.bit} [get_hw_devices xc7a35t_0]
program_hw_devices [get_hw_devices xc7a35t_0]
INFO: [Labtools 27-3164] End of startup status: HIGH
refresh_hw_device [lindex [get_hw_devices xc7a35t_0] 0]
INFO: [Labtools 27-1434] Device xc7a35t (JTAG device index = 0) is programmed with a design that has no supported debug core(s) in it.
set_property PROBES.FILE {} [get_hw_devices xc7a35t_0]
set_property FULL_PROBES.FILE {} [get_hw_devices xc7a35t_0]
set_property PROGRAM.FILE {C:/Users/yvvan/Documents/Research/Vivado_Verilog_Tutorial/lab3/lab3_1_2/lab3_1_2.runs/impl_1/decoder_74138.bit} [get_hw_devices xc7a35t_0]
program_hw_devices [get_hw_devices xc7a35t_0]
INFO: [Labtools 27-3164] End of startup status: HIGH
refresh_hw_device [lindex [get_hw_devices xc7a35t_0] 0]
INFO: [Labtools 27-1434] Device xc7a35t (JTAG device index = 0) is programmed with a design that has no supported debug core(s) in it.
ERROR: [Labtoolstcl 44-513] HW Target shutdown. Closing target: localhost:3121/xilinx_tcf/Digilent/210183B462B7A
exit
INFO: [Common 17-206] Exiting Vivado at Mon Feb 28 23:01:24 2022...
