#-----------------------------------------------------------
# Vivado v2019.1 (64-bit)
# SW Build 2552052 on Fri May 24 14:49:42 MDT 2019
# IP Build 2548770 on Fri May 24 18:01:18 MDT 2019
# Start of session at: Mon Feb 28 20:25:55 2022
# Process ID: 3268
# Current directory: C:/Users/yvvan/Documents/Research/Vivado_Verilog_Tutorial/lab2/lab2_3_1_fulladder_4bit
# Command line: vivado.exe -gui_launcher_event rodinguilauncherevent12952 C:\Users\yvvan\Documents\Research\Vivado_Verilog_Tutorial\lab2\lab2_3_1_fulladder_4bit\lab2_3_1.xpr
# Log file: C:/Users/yvvan/Documents/Research/Vivado_Verilog_Tutorial/lab2/lab2_3_1_fulladder_4bit/vivado.log
# Journal file: C:/Users/yvvan/Documents/Research/Vivado_Verilog_Tutorial/lab2/lab2_3_1_fulladder_4bit\vivado.jou
#-----------------------------------------------------------
start_gui
open_project C:/Users/yvvan/Documents/Research/Vivado_Verilog_Tutorial/lab2/lab2_3_1_fulladder_4bit/lab2_3_1.xpr
INFO: [ProjectBase 1-489] The host OS only allows 260 characters in a normal path. The project is stored in a path with more than 80 characters. If you experience issues with IP, Block Designs, or files not being found, please consider moving the project to a location with a shorter path. Alternately consider using the OS subst command to map part of the path to a drive letter.
Current project path is 'C:/Users/yvvan/Documents/Research/Vivado_Verilog_Tutorial/lab2/lab2_3_1_fulladder_4bit'
INFO: [Project 1-313] Project file moved from 'C:/Users/yvvan/Documents/Research/Vivado_Verilog_Tutorial/lab2/lab2_3_1_full_adder_4bit' since last save.
CRITICAL WARNING: [Project 1-311] Could not find the file 'C:/Users/yvvan/Documents/Research/Vivado_Verilog_Tutorial/lab2/lab2_3_1_fulladder_4bit/fulladder_dataflow_tb_behav.wcfg', nor could it be found using path 'C:/Users/yvvan/Documents/Research/Vivado_Verilog_Tutorial/lab2/lab2_3_1_full_adder_4bit/fulladder_dataflow_tb_behav.wcfg'.
Scanning sources...
Finished scanning sources
INFO: [IP_Flow 19-234] Refreshing IP repositories
INFO: [IP_Flow 19-1704] No user IP repositories specified
INFO: [IP_Flow 19-2313] Loaded Vivado IP repository 'C:/Xilinx/Vivado/2019.1/data/ip'.
open_project: Time (s): cpu = 00:00:23 ; elapsed = 00:00:10 . Memory (MB): peak = 842.531 ; gain = 201.617
update_compile_order -fileset sources_1
synth_design -rtl -name rtl_1
Command: synth_design -rtl -name rtl_1
Starting synth_design
Using part: xc7a35tcpg236-1
Top: fulladder_4bit
INFO: [Device 21-403] Loading part xc7a35tcpg236-1
---------------------------------------------------------------------------------
Starting RTL Elaboration : Time (s): cpu = 00:00:05 ; elapsed = 00:00:05 . Memory (MB): peak = 1281.496 ; gain = 172.500
---------------------------------------------------------------------------------
INFO: [Synth 8-6157] synthesizing module 'fulladder_4bit' [C:/Users/yvvan/Documents/Research/Vivado_Verilog_Tutorial/lab2/lab2_3_1_fulladder_4bit/lab2_3_1.srcs/sources_1/new/full_adder.v:36]
INFO: [Synth 8-6157] synthesizing module 'fulladder' [C:/Users/yvvan/Documents/Research/Vivado_Verilog_Tutorial/lab2/lab2_3_1_fulladder_4bit/lab2_3_1.srcs/sources_1/new/full_adder.v:23]
INFO: [Synth 8-6155] done synthesizing module 'fulladder' (1#1) [C:/Users/yvvan/Documents/Research/Vivado_Verilog_Tutorial/lab2/lab2_3_1_fulladder_4bit/lab2_3_1.srcs/sources_1/new/full_adder.v:23]
INFO: [Synth 8-6155] done synthesizing module 'fulladder_4bit' (2#1) [C:/Users/yvvan/Documents/Research/Vivado_Verilog_Tutorial/lab2/lab2_3_1_fulladder_4bit/lab2_3_1.srcs/sources_1/new/full_adder.v:36]
---------------------------------------------------------------------------------
Finished RTL Elaboration : Time (s): cpu = 00:00:06 ; elapsed = 00:00:06 . Memory (MB): peak = 1322.863 ; gain = 213.867
---------------------------------------------------------------------------------

Report Check Netlist: 
+------+------------------+-------+---------+-------+------------------+
|      |Item              |Errors |Warnings |Status |Description       |
+------+------------------+-------+---------+-------+------------------+
|1     |multi_driven_nets |      0|        0|Passed |Multi driven nets |
+------+------------------+-------+---------+-------+------------------+
---------------------------------------------------------------------------------
Start Handling Custom Attributes
---------------------------------------------------------------------------------
---------------------------------------------------------------------------------
Finished Handling Custom Attributes : Time (s): cpu = 00:00:07 ; elapsed = 00:00:06 . Memory (MB): peak = 1322.863 ; gain = 213.867
---------------------------------------------------------------------------------
---------------------------------------------------------------------------------
Finished RTL Optimization Phase 1 : Time (s): cpu = 00:00:07 ; elapsed = 00:00:06 . Memory (MB): peak = 1322.863 ; gain = 213.867
---------------------------------------------------------------------------------
INFO: [Project 1-570] Preparing netlist for logic optimization

Processing XDC Constraints
Initializing timing engine
Parsing XDC File [C:/Users/yvvan/Documents/Research/Vivado_Verilog_Tutorial/lab2/lab2_3_1_fulladder_4bit/Basys3_Master.xdc]
Finished Parsing XDC File [C:/Users/yvvan/Documents/Research/Vivado_Verilog_Tutorial/lab2/lab2_3_1_fulladder_4bit/Basys3_Master.xdc]
Completed Processing XDC Constraints

INFO: [Opt 31-138] Pushed 0 inverter(s) to 0 load pin(s).
Netlist sorting complete. Time (s): cpu = 00:00:00 ; elapsed = 00:00:00 . Memory (MB): peak = 1454.898 ; gain = 0.000
INFO: [Project 1-111] Unisim Transformation Summary:
No Unisim elements were transformed.

RTL Elaboration Complete:  : Time (s): cpu = 00:00:34 ; elapsed = 00:00:15 . Memory (MB): peak = 1485.504 ; gain = 376.508
8 Infos, 0 Warnings, 0 Critical Warnings and 0 Errors encountered.
synth_design completed successfully
synth_design: Time (s): cpu = 00:00:42 ; elapsed = 00:00:25 . Memory (MB): peak = 1485.504 ; gain = 569.477
launch_simulation
INFO: [Vivado 12-5682] Launching behavioral simulation in 'C:/Users/yvvan/Documents/Research/Vivado_Verilog_Tutorial/lab2/lab2_3_1_fulladder_4bit/lab2_3_1.sim/sim_1/behav/xsim'
INFO: [SIM-utils-51] Simulation object is 'sim_1'
INFO: [SIM-utils-54] Inspecting design source files for 'fulladder_dataflow_tb' in fileset 'sim_1'...
INFO: [USF-XSim-97] Finding global include files...
INFO: [USF-XSim-98] Fetching design files from 'sim_1'...
INFO: [USF-XSim-2] XSim::Compile design
INFO: [USF-XSim-61] Executing 'COMPILE and ANALYZE' step in 'C:/Users/yvvan/Documents/Research/Vivado_Verilog_Tutorial/lab2/lab2_3_1_fulladder_4bit/lab2_3_1.sim/sim_1/behav/xsim'
"xvlog --incr --relax -prj fulladder_dataflow_tb_vlog.prj"
INFO: [VRFC 10-2263] Analyzing Verilog file "C:/Users/yvvan/Documents/Research/Vivado_Verilog_Tutorial/lab2/lab2_3_1_fulladder_4bit/lab2_3_1.srcs/sources_1/new/full_adder.v" into library xil_defaultlib
INFO: [VRFC 10-311] analyzing module fulladder
INFO: [VRFC 10-311] analyzing module fulladder_4bit
INFO: [VRFC 10-2263] Analyzing Verilog file "C:/Users/yvvan/Documents/Research/Vivado_Verilog_Tutorial/lab2/lab2_3_1_fulladder_4bit/fulladder_dataflow_tb.v" into library xil_defaultlib
INFO: [VRFC 10-311] analyzing module fulladder_dataflow_tb
INFO: [VRFC 10-2263] Analyzing Verilog file "C:/Users/yvvan/Documents/Research/Vivado_Verilog_Tutorial/lab2/lab2_3_1_fulladder_4bit/lab2_3_1.sim/sim_1/behav/xsim/glbl.v" into library xil_defaultlib
INFO: [VRFC 10-311] analyzing module glbl
run_program: Time (s): cpu = 00:00:00 ; elapsed = 00:00:05 . Memory (MB): peak = 1485.504 ; gain = 0.000
INFO: [USF-XSim-69] 'compile' step finished in '5' seconds
INFO: [USF-XSim-3] XSim::Elaborate design
INFO: [USF-XSim-61] Executing 'ELABORATE' step in 'C:/Users/yvvan/Documents/Research/Vivado_Verilog_Tutorial/lab2/lab2_3_1_fulladder_4bit/lab2_3_1.sim/sim_1/behav/xsim'
"xelab -wto 1deb0059b5a64a3e937346361eac43e6 --incr --debug typical --relax --mt 2 -L xil_defaultlib -L unisims_ver -L unimacro_ver -L secureip --snapshot fulladder_dataflow_tb_behav xil_defaultlib.fulladder_dataflow_tb xil_defaultlib.glbl -log elaborate.log"
INFO: [Common 17-41] Interrupt caught. Command should exit soon.
Vivado Simulator 2019.1
Copyright 1986-1999, 2001-2019 Xilinx, Inc. All Rights Reserved.
Running: C:/Xilinx/Vivado/2019.1/bin/unwrapped/win64.o/xelab.exe -wto 1deb0059b5a64a3e937346361eac43e6 --incr --debug typical --relax --mt 2 -L xil_defaultlib -L unisims_ver -L unimacro_ver -L secureip --snapshot fulladder_dataflow_tb_behav xil_defaultlib.fulladder_dataflow_tb xil_defaultlib.glbl -log elaborate.log 
Using 2 slave threads.
Starting static elaboration
Completed static elaboration
Starting simulation data flow analysis
Completed simulation data flow analysis
Time Resolution for simulation is 1ps
Compiling module xil_defaultlib.fulladder
Compiling module xil_defaultlib.fulladder_dataflow_tb
Compiling module xil_defaultlib.glbl
INFO: [Common 17-344] 'run_program' was cancelled
INFO: [Vivado 12-5357] 'elaborate' step aborted
launch_simulation: Time (s): cpu = 00:00:03 ; elapsed = 00:00:10 . Memory (MB): peak = 1485.504 ; gain = 0.000
INFO: [Common 17-344] 'launch_simulation' was cancelled
launch_simulation
INFO: [Vivado 12-5682] Launching behavioral simulation in 'C:/Users/yvvan/Documents/Research/Vivado_Verilog_Tutorial/lab2/lab2_3_1_fulladder_4bit/lab2_3_1.sim/sim_1/behav/xsim'
INFO: [SIM-utils-51] Simulation object is 'sim_1'
INFO: [SIM-utils-54] Inspecting design source files for 'fulladder_dataflow_tb' in fileset 'sim_1'...
INFO: [USF-XSim-97] Finding global include files...
INFO: [USF-XSim-98] Fetching design files from 'sim_1'...
INFO: [USF-XSim-2] XSim::Compile design
INFO: [USF-XSim-61] Executing 'COMPILE and ANALYZE' step in 'C:/Users/yvvan/Documents/Research/Vivado_Verilog_Tutorial/lab2/lab2_3_1_fulladder_4bit/lab2_3_1.sim/sim_1/behav/xsim'
"xvlog --incr --relax -prj fulladder_dataflow_tb_vlog.prj"
INFO: [USF-XSim-69] 'compile' step finished in '1' seconds
INFO: [USF-XSim-3] XSim::Elaborate design
INFO: [USF-XSim-61] Executing 'ELABORATE' step in 'C:/Users/yvvan/Documents/Research/Vivado_Verilog_Tutorial/lab2/lab2_3_1_fulladder_4bit/lab2_3_1.sim/sim_1/behav/xsim'
"xelab -wto 1deb0059b5a64a3e937346361eac43e6 --incr --debug typical --relax --mt 2 -L xil_defaultlib -L unisims_ver -L unimacro_ver -L secureip --snapshot fulladder_dataflow_tb_behav xil_defaultlib.fulladder_dataflow_tb xil_defaultlib.glbl -log elaborate.log"
Vivado Simulator 2019.1
Copyright 1986-1999, 2001-2019 Xilinx, Inc. All Rights Reserved.
Running: C:/Xilinx/Vivado/2019.1/bin/unwrapped/win64.o/xelab.exe -wto 1deb0059b5a64a3e937346361eac43e6 --incr --debug typical --relax --mt 2 -L xil_defaultlib -L unisims_ver -L unimacro_ver -L secureip --snapshot fulladder_dataflow_tb_behav xil_defaultlib.fulladder_dataflow_tb xil_defaultlib.glbl -log elaborate.log 
Using 2 slave threads.
Starting static elaboration
Completed static elaboration
Starting simulation data flow analysis
Completed simulation data flow analysis
Time Resolution for simulation is 1ps
Compiling module xil_defaultlib.fulladder
Compiling module xil_defaultlib.fulladder_dataflow_tb
Compiling module xil_defaultlib.glbl
Built simulation snapshot fulladder_dataflow_tb_behav

****** Webtalk v2019.1 (64-bit)
  **** SW Build 2552052 on Fri May 24 14:49:42 MDT 2019
  **** IP Build 2548770 on Fri May 24 18:01:18 MDT 2019
    ** Copyright 1986-2019 Xilinx, Inc. All Rights Reserved.

source C:/Users/yvvan/Documents/Research/Vivado_Verilog_Tutorial/lab2/lab2_3_1_fulladder_4bit/lab2_3_1.sim/sim_1/behav/xsim/xsim.dir/fulladder_dataflow_tb_behav/webtalk/xsim_webtalk.tcl -notrace
INFO: [Common 17-186] 'C:/Users/yvvan/Documents/Research/Vivado_Verilog_Tutorial/lab2/lab2_3_1_fulladder_4bit/lab2_3_1.sim/sim_1/behav/xsim/xsim.dir/fulladder_dataflow_tb_behav/webtalk/usage_statistics_ext_xsim.xml' has been successfully sent to Xilinx on Mon Feb 28 20:36:00 2022. For additional details about this file, please refer to the WebTalk help file at C:/Xilinx/Vivado/2019.1/doc/webtalk_introduction.html.
webtalk_transmit: Time (s): cpu = 00:00:00 ; elapsed = 00:00:11 . Memory (MB): peak = 91.520 ; gain = 0.000
INFO: [Common 17-206] Exiting Webtalk at Mon Feb 28 20:36:00 2022...
run_program: Time (s): cpu = 00:00:00 ; elapsed = 00:00:17 . Memory (MB): peak = 1485.504 ; gain = 0.000
INFO: [USF-XSim-69] 'elaborate' step finished in '17' seconds
INFO: [USF-XSim-4] XSim::Simulate design
WARNING: [USF-XSim-17] WCFG file does not exist:C:/Users/yvvan/Documents/Research/Vivado_Verilog_Tutorial/lab2/lab2_3_1_fulladder_4bit/fulladder_dataflow_tb_behav.wcfg
WARNING: [USF-XSim-17] WCFG file does not exist:C:/Users/yvvan/Documents/Research/Vivado_Verilog_Tutorial/lab2/lab2_3_1_fulladder_4bit/fulladder_dataflow_tb_behav.wcfg
INFO: [USF-XSim-61] Executing 'SIMULATE' step in 'C:/Users/yvvan/Documents/Research/Vivado_Verilog_Tutorial/lab2/lab2_3_1_fulladder_4bit/lab2_3_1.sim/sim_1/behav/xsim'
INFO: [USF-XSim-98] *** Running xsim
   with args "fulladder_dataflow_tb_behav -key {Behavioral:sim_1:Functional:fulladder_dataflow_tb} -tclbatch {fulladder_dataflow_tb.tcl} -log {simulate.log}"
INFO: [USF-XSim-8] Loading simulator feature
Vivado Simulator 2019.1
Time resolution is 1 ps
source fulladder_dataflow_tb.tcl
# set curr_wave [current_wave_config]
# if { [string length $curr_wave] == 0 } {
#   if { [llength [get_objects]] > 0} {
#     add_wave /
#     set_property needs_save false [current_wave_config]
#   } else {
#      send_msg_id Add_Wave-1 WARNING "No top level signals found. Simulator will start without a wave window. If you want to open a wave window go to 'File->New Waveform Configuration' or type 'create_wave_config' in the TCL console."
#   }
# }
# run 1000ns
INFO: [USF-XSim-96] XSim completed. Design snapshot 'fulladder_dataflow_tb_behav' loaded.
INFO: [USF-XSim-97] XSim simulation ran for 1000ns
launch_simulation: Time (s): cpu = 00:00:09 ; elapsed = 00:00:23 . Memory (MB): peak = 1485.504 ; gain = 0.000
save_wave_config {C:/Users/yvvan/Documents/Research/Vivado_Verilog_Tutorial/lab2/lab2_3_1_fulladder_4bit/fulladder_dataflow_tb_behav.wcfg}
add_files -fileset sim_1 -norecurse C:/Users/yvvan/Documents/Research/Vivado_Verilog_Tutorial/lab2/lab2_3_1_fulladder_4bit/fulladder_dataflow_tb_behav.wcfg
WARNING: [filemgmt 56-12] File 'C:/Users/yvvan/Documents/Research/Vivado_Verilog_Tutorial/lab2/lab2_3_1_fulladder_4bit/fulladder_dataflow_tb_behav.wcfg' cannot be added to the project because it already exists in the project, skipping this file
set_property xsim.view {C:/Users/yvvan/Documents/Research/Vivado_Verilog_Tutorial/lab2/lab2_3_1_fulladder_4bit/fulladder_dataflow_tb_behav.wcfg C:/Users/yvvan/Documents/Research/Vivado_Verilog_Tutorial/lab2/lab2_3_1_fulladder_4bit/fulladder_dataflow_tb_behav.wcfg} [get_filesets sim_1]
reset_run synth_1
WARNING: [Vivado 12-1017] Problems encountered:
1. Failed to delete one or more files in run directory C:/Users/yvvan/Documents/Research/Vivado_Verilog_Tutorial/lab2/lab2_3_1_fulladder_4bit/lab2_3_1.runs/synth_1

launch_runs synth_1 -jobs 4
[Mon Feb 28 20:36:34 2022] Launched synth_1...
Run output will be captured here: C:/Users/yvvan/Documents/Research/Vivado_Verilog_Tutorial/lab2/lab2_3_1_fulladder_4bit/lab2_3_1.runs/synth_1/runme.log
launch_runs impl_1 -jobs 4
[Mon Feb 28 20:37:42 2022] Launched impl_1...
Run output will be captured here: C:/Users/yvvan/Documents/Research/Vivado_Verilog_Tutorial/lab2/lab2_3_1_fulladder_4bit/lab2_3_1.runs/impl_1/runme.log
launch_runs impl_1 -to_step write_bitstream -jobs 4
[Mon Feb 28 20:39:05 2022] Launched impl_1...
Run output will be captured here: C:/Users/yvvan/Documents/Research/Vivado_Verilog_Tutorial/lab2/lab2_3_1_fulladder_4bit/lab2_3_1.runs/impl_1/runme.log
open_hw
connect_hw_server
INFO: [Labtools 27-2285] Connecting to hw_server url TCP:localhost:3121
INFO: [Labtools 27-2222] Launching hw_server...
INFO: [Labtools 27-2221] Launch Output:

****** Xilinx hw_server v2019.1
  **** Build date : May 24 2019 at 15:13:31
    ** Copyright 1986-2019 Xilinx, Inc. All Rights Reserved.


open_hw_target
INFO: [Labtoolstcl 44-466] Opening hw_target localhost:3121/xilinx_tcf/Digilent/210183B462B7A
open_hw_target: Time (s): cpu = 00:00:06 ; elapsed = 00:00:06 . Memory (MB): peak = 2603.082 ; gain = 1106.168
set_property PROGRAM.FILE {C:/Users/yvvan/Documents/Research/Vivado_Verilog_Tutorial/lab2/lab2_3_1_fulladder_4bit/lab2_3_1.runs/impl_1/fulladder_4bit.bit} [get_hw_devices xc7a35t_0]
current_hw_device [get_hw_devices xc7a35t_0]
refresh_hw_device -update_hw_probes false [lindex [get_hw_devices xc7a35t_0] 0]
INFO: [Labtools 27-1434] Device xc7a35t (JTAG device index = 0) is programmed with a design that has no supported debug core(s) in it.
set_property PROBES.FILE {} [get_hw_devices xc7a35t_0]
set_property FULL_PROBES.FILE {} [get_hw_devices xc7a35t_0]
set_property PROGRAM.FILE {C:/Users/yvvan/Documents/Research/Vivado_Verilog_Tutorial/lab2/lab2_3_1_fulladder_4bit/lab2_3_1.runs/impl_1/fulladder_4bit.bit} [get_hw_devices xc7a35t_0]
program_hw_devices [get_hw_devices xc7a35t_0]
INFO: [Labtools 27-3164] End of startup status: HIGH
refresh_hw_device [lindex [get_hw_devices xc7a35t_0] 0]
INFO: [Labtools 27-1434] Device xc7a35t (JTAG device index = 0) is programmed with a design that has no supported debug core(s) in it.
set_property PROBES.FILE {} [get_hw_devices xc7a35t_0]
set_property FULL_PROBES.FILE {} [get_hw_devices xc7a35t_0]
set_property PROGRAM.FILE {C:/Users/yvvan/Documents/Research/Vivado_Verilog_Tutorial/lab2/lab2_3_1_fulladder_4bit/lab2_3_1.runs/impl_1/fulladder_4bit.bit} [get_hw_devices xc7a35t_0]
program_hw_devices [get_hw_devices xc7a35t_0]
INFO: [Labtools 27-3164] End of startup status: HIGH
refresh_hw_device [lindex [get_hw_devices xc7a35t_0] 0]
INFO: [Labtools 27-1434] Device xc7a35t (JTAG device index = 0) is programmed with a design that has no supported debug core(s) in it.
close_sim
INFO: [Simtcl 6-16] Simulation closed
close_sim: Time (s): cpu = 00:00:00 ; elapsed = 00:00:14 . Memory (MB): peak = 2645.961 ; gain = 6.012
exit
INFO: [Common 17-206] Exiting Vivado at Mon Feb 28 20:44:25 2022...
