#-----------------------------------------------------------
# Vivado v2019.1 (64-bit)
# SW Build 2552052 on Fri May 24 14:49:42 MDT 2019
# IP Build 2548770 on Fri May 24 18:01:18 MDT 2019
# Start of session at: Thu Mar 24 17:46:25 2022
# Process ID: 10324
# Current directory: C:/Users/yvvan/Documents/Research/Vivado_Verilog_Tutorial/lab9/lab9_2_1_up_down_counter
# Command line: vivado.exe -gui_launcher_event rodinguilauncherevent5448 C:\Users\yvvan\Documents\Research\Vivado_Verilog_Tutorial\lab9\lab9_2_1_up_down_counter\lab9_2_1.xpr
# Log file: C:/Users/yvvan/Documents/Research/Vivado_Verilog_Tutorial/lab9/lab9_2_1_up_down_counter/vivado.log
# Journal file: C:/Users/yvvan/Documents/Research/Vivado_Verilog_Tutorial/lab9/lab9_2_1_up_down_counter\vivado.jou
#-----------------------------------------------------------
start_gui
open_project C:/Users/yvvan/Documents/Research/Vivado_Verilog_Tutorial/lab9/lab9_2_1_up_down_counter/lab9_2_1.xpr
INFO: [ProjectBase 1-489] The host OS only allows 260 characters in a normal path. The project is stored in a path with more than 80 characters. If you experience issues with IP, Block Designs, or files not being found, please consider moving the project to a location with a shorter path. Alternately consider using the OS subst command to map part of the path to a drive letter.
Current project path is 'C:/Users/yvvan/Documents/Research/Vivado_Verilog_Tutorial/lab9/lab9_2_1_up_down_counter'
INFO: [Project 1-313] Project file moved from 'C:/Users/yvvan/Documents/Research/Vivado_Verilog_Tutorial/lab9/lab9_2_1' since last save.
Scanning sources...
Finished scanning sources
INFO: [IP_Flow 19-234] Refreshing IP repositories
INFO: [IP_Flow 19-1704] No user IP repositories specified
INFO: [IP_Flow 19-2313] Loaded Vivado IP repository 'C:/Xilinx/Vivado/2019.1/data/ip'.
open_project: Time (s): cpu = 00:00:28 ; elapsed = 00:00:12 . Memory (MB): peak = 813.922 ; gain = 171.586
update_compile_order -fileset sources_1
file mkdir C:/Users/yvvan/Documents/Research/Vivado_Verilog_Tutorial/lab9/lab9_2_1_up_down_counter/lab9_2_1.srcs/sim_1/new
set_property SOURCE_SET sources_1 [get_filesets sim_1]
close [ open C:/Users/yvvan/Documents/Research/Vivado_Verilog_Tutorial/lab9/lab9_2_1_up_down_counter/lab9_2_1.srcs/sim_1/new/up_down_counter_tb.v w ]
add_files -fileset sim_1 C:/Users/yvvan/Documents/Research/Vivado_Verilog_Tutorial/lab9/lab9_2_1_up_down_counter/lab9_2_1.srcs/sim_1/new/up_down_counter_tb.v
update_compile_order -fileset sim_1
update_compile_order -fileset sim_1
update_compile_order -fileset sim_1
update_compile_order -fileset sim_1
synth_design -rtl -name rtl_1
Command: synth_design -rtl -name rtl_1
Starting synth_design
Using part: xc7a35tcpg236-1
Top: up_down_counter
INFO: [Device 21-403] Loading part xc7a35tcpg236-1
---------------------------------------------------------------------------------
Starting RTL Elaboration : Time (s): cpu = 00:00:06 ; elapsed = 00:00:06 . Memory (MB): peak = 1255.129 ; gain = 174.336
---------------------------------------------------------------------------------
INFO: [Synth 8-6157] synthesizing module 'up_down_counter' [C:/Users/yvvan/Documents/Research/Vivado_Verilog_Tutorial/lab9/lab9_2_1_up_down_counter/lab9_2_1.srcs/sources_1/new/up_down_counter.v:22]
	Parameter max_cnt bound to: 100 - type: integer 
INFO: [Synth 8-6155] done synthesizing module 'up_down_counter' (1#1) [C:/Users/yvvan/Documents/Research/Vivado_Verilog_Tutorial/lab9/lab9_2_1_up_down_counter/lab9_2_1.srcs/sources_1/new/up_down_counter.v:22]
---------------------------------------------------------------------------------
Finished RTL Elaboration : Time (s): cpu = 00:00:07 ; elapsed = 00:00:07 . Memory (MB): peak = 1316.562 ; gain = 235.770
---------------------------------------------------------------------------------

Report Check Netlist: 
+------+------------------+-------+---------+-------+------------------+
|      |Item              |Errors |Warnings |Status |Description       |
+------+------------------+-------+---------+-------+------------------+
|1     |multi_driven_nets |      0|        0|Passed |Multi driven nets |
+------+------------------+-------+---------+-------+------------------+
---------------------------------------------------------------------------------
Start Handling Custom Attributes
---------------------------------------------------------------------------------
---------------------------------------------------------------------------------
Finished Handling Custom Attributes : Time (s): cpu = 00:00:08 ; elapsed = 00:00:08 . Memory (MB): peak = 1316.562 ; gain = 235.770
---------------------------------------------------------------------------------
---------------------------------------------------------------------------------
Finished RTL Optimization Phase 1 : Time (s): cpu = 00:00:08 ; elapsed = 00:00:08 . Memory (MB): peak = 1316.562 ; gain = 235.770
---------------------------------------------------------------------------------
INFO: [Project 1-570] Preparing netlist for logic optimization

Processing XDC Constraints
Initializing timing engine
Completed Processing XDC Constraints

INFO: [Opt 31-138] Pushed 0 inverter(s) to 0 load pin(s).
Netlist sorting complete. Time (s): cpu = 00:00:00 ; elapsed = 00:00:00 . Memory (MB): peak = 1408.996 ; gain = 0.000
INFO: [Project 1-111] Unisim Transformation Summary:
No Unisim elements were transformed.

RTL Elaboration Complete:  : Time (s): cpu = 00:00:33 ; elapsed = 00:00:18 . Memory (MB): peak = 1450.371 ; gain = 369.578
6 Infos, 0 Warnings, 0 Critical Warnings and 0 Errors encountered.
synth_design completed successfully
synth_design: Time (s): cpu = 00:00:43 ; elapsed = 00:00:30 . Memory (MB): peak = 1450.371 ; gain = 584.781
launch_simulation
INFO: [Vivado 12-5682] Launching behavioral simulation in 'C:/Users/yvvan/Documents/Research/Vivado_Verilog_Tutorial/lab9/lab9_2_1_up_down_counter/lab9_2_1.sim/sim_1/behav/xsim'
INFO: [SIM-utils-51] Simulation object is 'sim_1'
INFO: [SIM-utils-54] Inspecting design source files for 'up_down_counter_tb' in fileset 'sim_1'...
INFO: [USF-XSim-97] Finding global include files...
INFO: [USF-XSim-98] Fetching design files from 'sim_1'...
INFO: [USF-XSim-2] XSim::Compile design
INFO: [USF-XSim-61] Executing 'COMPILE and ANALYZE' step in 'C:/Users/yvvan/Documents/Research/Vivado_Verilog_Tutorial/lab9/lab9_2_1_up_down_counter/lab9_2_1.sim/sim_1/behav/xsim'
"xvlog --incr --relax -prj up_down_counter_tb_vlog.prj"
INFO: [VRFC 10-2263] Analyzing Verilog file "C:/Users/yvvan/Documents/Research/Vivado_Verilog_Tutorial/lab9/lab9_2_1_up_down_counter/lab9_2_1.srcs/sources_1/new/up_down_counter.v" into library xil_defaultlib
INFO: [VRFC 10-311] analyzing module up_down_counter
INFO: [VRFC 10-2263] Analyzing Verilog file "C:/Users/yvvan/Documents/Research/Vivado_Verilog_Tutorial/lab9/lab9_2_1_up_down_counter/lab9_2_1.srcs/sim_1/new/up_down_counter_tb.v" into library xil_defaultlib
INFO: [VRFC 10-311] analyzing module up_down_counter_tb
INFO: [VRFC 10-2263] Analyzing Verilog file "C:/Users/yvvan/Documents/Research/Vivado_Verilog_Tutorial/lab9/lab9_2_1_up_down_counter/lab9_2_1.sim/sim_1/behav/xsim/glbl.v" into library xil_defaultlib
INFO: [VRFC 10-311] analyzing module glbl
INFO: [USF-XSim-69] 'compile' step finished in '3' seconds
INFO: [USF-XSim-3] XSim::Elaborate design
INFO: [USF-XSim-61] Executing 'ELABORATE' step in 'C:/Users/yvvan/Documents/Research/Vivado_Verilog_Tutorial/lab9/lab9_2_1_up_down_counter/lab9_2_1.sim/sim_1/behav/xsim'
"xelab -wto 397cc664c64549659af19e135808a8db --incr --debug typical --relax --mt 2 -L xil_defaultlib -L unisims_ver -L unimacro_ver -L secureip --snapshot up_down_counter_tb_behav xil_defaultlib.up_down_counter_tb xil_defaultlib.glbl -log elaborate.log"
Vivado Simulator 2019.1
Copyright 1986-1999, 2001-2019 Xilinx, Inc. All Rights Reserved.
Running: C:/Xilinx/Vivado/2019.1/bin/unwrapped/win64.o/xelab.exe -wto 397cc664c64549659af19e135808a8db --incr --debug typical --relax --mt 2 -L xil_defaultlib -L unisims_ver -L unimacro_ver -L secureip --snapshot up_down_counter_tb_behav xil_defaultlib.up_down_counter_tb xil_defaultlib.glbl -log elaborate.log 
Using 2 slave threads.
Starting static elaboration
Completed static elaboration
Starting simulation data flow analysis
Completed simulation data flow analysis
Time Resolution for simulation is 1ps
Compiling module xil_defaultlib.up_down_counter
Compiling module xil_defaultlib.up_down_counter_tb
Compiling module xil_defaultlib.glbl
Built simulation snapshot up_down_counter_tb_behav

****** Webtalk v2019.1 (64-bit)
  **** SW Build 2552052 on Fri May 24 14:49:42 MDT 2019
  **** IP Build 2548770 on Fri May 24 18:01:18 MDT 2019
    ** Copyright 1986-2019 Xilinx, Inc. All Rights Reserved.

source C:/Users/yvvan/Documents/Research/Vivado_Verilog_Tutorial/lab9/lab9_2_1_up_down_counter/lab9_2_1.sim/sim_1/behav/xsim/xsim.dir/up_down_counter_tb_behav/webtalk/xsim_webtalk.tcl -notrace
INFO: [Common 17-186] 'C:/Users/yvvan/Documents/Research/Vivado_Verilog_Tutorial/lab9/lab9_2_1_up_down_counter/lab9_2_1.sim/sim_1/behav/xsim/xsim.dir/up_down_counter_tb_behav/webtalk/usage_statistics_ext_xsim.xml' has been successfully sent to Xilinx on Thu Mar 24 18:25:43 2022. For additional details about this file, please refer to the WebTalk help file at C:/Xilinx/Vivado/2019.1/doc/webtalk_introduction.html.
webtalk_transmit: Time (s): cpu = 00:00:00 ; elapsed = 00:00:18 . Memory (MB): peak = 109.348 ; gain = 23.449
INFO: [Common 17-206] Exiting Webtalk at Thu Mar 24 18:25:43 2022...
run_program: Time (s): cpu = 00:00:01 ; elapsed = 00:00:24 . Memory (MB): peak = 1486.242 ; gain = 0.000
INFO: [USF-XSim-69] 'elaborate' step finished in '23' seconds
INFO: [USF-XSim-4] XSim::Simulate design
INFO: [USF-XSim-61] Executing 'SIMULATE' step in 'C:/Users/yvvan/Documents/Research/Vivado_Verilog_Tutorial/lab9/lab9_2_1_up_down_counter/lab9_2_1.sim/sim_1/behav/xsim'
INFO: [USF-XSim-98] *** Running xsim
   with args "up_down_counter_tb_behav -key {Behavioral:sim_1:Functional:up_down_counter_tb} -tclbatch {up_down_counter_tb.tcl} -log {simulate.log}"
INFO: [USF-XSim-8] Loading simulator feature
Vivado Simulator 2019.1
Time resolution is 1 ps
source up_down_counter_tb.tcl
# set curr_wave [current_wave_config]
# if { [string length $curr_wave] == 0 } {
#   if { [llength [get_objects]] > 0} {
#     add_wave /
#     set_property needs_save false [current_wave_config]
#   } else {
#      send_msg_id Add_Wave-1 WARNING "No top level signals found. Simulator will start without a wave window. If you want to open a wave window go to 'File->New Waveform Configuration' or type 'create_wave_config' in the TCL console."
#   }
# }
# run 1000ns
INFO: [USF-XSim-96] XSim completed. Design snapshot 'up_down_counter_tb_behav' loaded.
INFO: [USF-XSim-97] XSim simulation ran for 1000ns
launch_simulation: Time (s): cpu = 00:00:14 ; elapsed = 00:00:31 . Memory (MB): peak = 1490.344 ; gain = 9.254
close_sim
INFO: [Simtcl 6-16] Simulation closed
close_sim: Time (s): cpu = 00:00:05 ; elapsed = 00:00:34 . Memory (MB): peak = 1493.824 ; gain = 1.340
refresh_design
---------------------------------------------------------------------------------
Starting RTL Elaboration : Time (s): cpu = 00:00:06 ; elapsed = 00:00:05 . Memory (MB): peak = 1502.711 ; gain = 8.887
---------------------------------------------------------------------------------
INFO: [Synth 8-6157] synthesizing module 'up_down_counter' [C:/Users/yvvan/Documents/Research/Vivado_Verilog_Tutorial/lab9/lab9_2_1_up_down_counter/lab9_2_1.srcs/sources_1/new/up_down_counter.v:22]
	Parameter max_cnt bound to: 100 - type: integer 
INFO: [Synth 8-6155] done synthesizing module 'up_down_counter' (1#1) [C:/Users/yvvan/Documents/Research/Vivado_Verilog_Tutorial/lab9/lab9_2_1_up_down_counter/lab9_2_1.srcs/sources_1/new/up_down_counter.v:22]
---------------------------------------------------------------------------------
Finished RTL Elaboration : Time (s): cpu = 00:00:07 ; elapsed = 00:00:06 . Memory (MB): peak = 1538.758 ; gain = 44.934
---------------------------------------------------------------------------------

Report Check Netlist: 
+------+------------------+-------+---------+-------+------------------+
|      |Item              |Errors |Warnings |Status |Description       |
+------+------------------+-------+---------+-------+------------------+
|1     |multi_driven_nets |      0|        0|Passed |Multi driven nets |
+------+------------------+-------+---------+-------+------------------+
---------------------------------------------------------------------------------
Start Handling Custom Attributes
---------------------------------------------------------------------------------
---------------------------------------------------------------------------------
Finished Handling Custom Attributes : Time (s): cpu = 00:00:07 ; elapsed = 00:00:07 . Memory (MB): peak = 1540.328 ; gain = 46.504
---------------------------------------------------------------------------------
---------------------------------------------------------------------------------
Finished RTL Optimization Phase 1 : Time (s): cpu = 00:00:07 ; elapsed = 00:00:07 . Memory (MB): peak = 1540.328 ; gain = 46.504
---------------------------------------------------------------------------------
INFO: [Project 1-570] Preparing netlist for logic optimization

Processing XDC Constraints
Initializing timing engine
Completed Processing XDC Constraints

INFO: [Opt 31-138] Pushed 0 inverter(s) to 0 load pin(s).
refresh_design: Time (s): cpu = 00:00:26 ; elapsed = 00:00:15 . Memory (MB): peak = 1540.328 ; gain = 46.504
launch_simulation
INFO: [Vivado 12-5682] Launching behavioral simulation in 'C:/Users/yvvan/Documents/Research/Vivado_Verilog_Tutorial/lab9/lab9_2_1_up_down_counter/lab9_2_1.sim/sim_1/behav/xsim'
INFO: [SIM-utils-51] Simulation object is 'sim_1'
INFO: [SIM-utils-54] Inspecting design source files for 'up_down_counter_tb' in fileset 'sim_1'...
INFO: [USF-XSim-97] Finding global include files...
INFO: [USF-XSim-98] Fetching design files from 'sim_1'...
INFO: [USF-XSim-2] XSim::Compile design
INFO: [USF-XSim-61] Executing 'COMPILE and ANALYZE' step in 'C:/Users/yvvan/Documents/Research/Vivado_Verilog_Tutorial/lab9/lab9_2_1_up_down_counter/lab9_2_1.sim/sim_1/behav/xsim'
"xvlog --incr --relax -prj up_down_counter_tb_vlog.prj"
INFO: [VRFC 10-2263] Analyzing Verilog file "C:/Users/yvvan/Documents/Research/Vivado_Verilog_Tutorial/lab9/lab9_2_1_up_down_counter/lab9_2_1.srcs/sources_1/new/up_down_counter.v" into library xil_defaultlib
INFO: [VRFC 10-311] analyzing module up_down_counter
INFO: [VRFC 10-2263] Analyzing Verilog file "C:/Users/yvvan/Documents/Research/Vivado_Verilog_Tutorial/lab9/lab9_2_1_up_down_counter/lab9_2_1.srcs/sim_1/new/up_down_counter_tb.v" into library xil_defaultlib
INFO: [VRFC 10-311] analyzing module up_down_counter_tb
INFO: [USF-XSim-69] 'compile' step finished in '2' seconds
INFO: [USF-XSim-3] XSim::Elaborate design
INFO: [USF-XSim-61] Executing 'ELABORATE' step in 'C:/Users/yvvan/Documents/Research/Vivado_Verilog_Tutorial/lab9/lab9_2_1_up_down_counter/lab9_2_1.sim/sim_1/behav/xsim'
"xelab -wto 397cc664c64549659af19e135808a8db --incr --debug typical --relax --mt 2 -L xil_defaultlib -L unisims_ver -L unimacro_ver -L secureip --snapshot up_down_counter_tb_behav xil_defaultlib.up_down_counter_tb xil_defaultlib.glbl -log elaborate.log"
Vivado Simulator 2019.1
Copyright 1986-1999, 2001-2019 Xilinx, Inc. All Rights Reserved.
Running: C:/Xilinx/Vivado/2019.1/bin/unwrapped/win64.o/xelab.exe -wto 397cc664c64549659af19e135808a8db --incr --debug typical --relax --mt 2 -L xil_defaultlib -L unisims_ver -L unimacro_ver -L secureip --snapshot up_down_counter_tb_behav xil_defaultlib.up_down_counter_tb xil_defaultlib.glbl -log elaborate.log 
Using 2 slave threads.
Starting static elaboration
Completed static elaboration
Starting simulation data flow analysis
Completed simulation data flow analysis
Time Resolution for simulation is 1ps
Compiling module xil_defaultlib.up_down_counter
Compiling module xil_defaultlib.up_down_counter_tb
Compiling module xil_defaultlib.glbl
Built simulation snapshot up_down_counter_tb_behav
INFO: [USF-XSim-69] 'elaborate' step finished in '3' seconds
INFO: [USF-XSim-4] XSim::Simulate design
INFO: [USF-XSim-61] Executing 'SIMULATE' step in 'C:/Users/yvvan/Documents/Research/Vivado_Verilog_Tutorial/lab9/lab9_2_1_up_down_counter/lab9_2_1.sim/sim_1/behav/xsim'
INFO: [USF-XSim-98] *** Running xsim
   with args "up_down_counter_tb_behav -key {Behavioral:sim_1:Functional:up_down_counter_tb} -tclbatch {up_down_counter_tb.tcl} -log {simulate.log}"
INFO: [USF-XSim-8] Loading simulator feature
Vivado Simulator 2019.1
Time resolution is 1 ps
source up_down_counter_tb.tcl
# set curr_wave [current_wave_config]
# if { [string length $curr_wave] == 0 } {
#   if { [llength [get_objects]] > 0} {
#     add_wave /
#     set_property needs_save false [current_wave_config]
#   } else {
#      send_msg_id Add_Wave-1 WARNING "No top level signals found. Simulator will start without a wave window. If you want to open a wave window go to 'File->New Waveform Configuration' or type 'create_wave_config' in the TCL console."
#   }
# }
# run 1000ns
INFO: [USF-XSim-96] XSim completed. Design snapshot 'up_down_counter_tb_behav' loaded.
INFO: [USF-XSim-97] XSim simulation ran for 1000ns
launch_simulation: Time (s): cpu = 00:00:05 ; elapsed = 00:00:08 . Memory (MB): peak = 1544.348 ; gain = 4.020
close_sim
INFO: [Simtcl 6-16] Simulation closed
launch_simulation
INFO: [Vivado 12-5682] Launching behavioral simulation in 'C:/Users/yvvan/Documents/Research/Vivado_Verilog_Tutorial/lab9/lab9_2_1_up_down_counter/lab9_2_1.sim/sim_1/behav/xsim'
INFO: [SIM-utils-51] Simulation object is 'sim_1'
INFO: [SIM-utils-54] Inspecting design source files for 'up_down_counter_tb' in fileset 'sim_1'...
INFO: [USF-XSim-97] Finding global include files...
INFO: [USF-XSim-98] Fetching design files from 'sim_1'...
INFO: [USF-XSim-2] XSim::Compile design
INFO: [USF-XSim-61] Executing 'COMPILE and ANALYZE' step in 'C:/Users/yvvan/Documents/Research/Vivado_Verilog_Tutorial/lab9/lab9_2_1_up_down_counter/lab9_2_1.sim/sim_1/behav/xsim'
"xvlog --incr --relax -prj up_down_counter_tb_vlog.prj"
INFO: [VRFC 10-2263] Analyzing Verilog file "C:/Users/yvvan/Documents/Research/Vivado_Verilog_Tutorial/lab9/lab9_2_1_up_down_counter/lab9_2_1.srcs/sources_1/new/up_down_counter.v" into library xil_defaultlib
INFO: [VRFC 10-311] analyzing module up_down_counter
INFO: [VRFC 10-2263] Analyzing Verilog file "C:/Users/yvvan/Documents/Research/Vivado_Verilog_Tutorial/lab9/lab9_2_1_up_down_counter/lab9_2_1.srcs/sim_1/new/up_down_counter_tb.v" into library xil_defaultlib
INFO: [VRFC 10-311] analyzing module up_down_counter_tb
INFO: [USF-XSim-69] 'compile' step finished in '1' seconds
INFO: [USF-XSim-3] XSim::Elaborate design
INFO: [USF-XSim-61] Executing 'ELABORATE' step in 'C:/Users/yvvan/Documents/Research/Vivado_Verilog_Tutorial/lab9/lab9_2_1_up_down_counter/lab9_2_1.sim/sim_1/behav/xsim'
"xelab -wto 397cc664c64549659af19e135808a8db --incr --debug typical --relax --mt 2 -L xil_defaultlib -L unisims_ver -L unimacro_ver -L secureip --snapshot up_down_counter_tb_behav xil_defaultlib.up_down_counter_tb xil_defaultlib.glbl -log elaborate.log"
Vivado Simulator 2019.1
Copyright 1986-1999, 2001-2019 Xilinx, Inc. All Rights Reserved.
Running: C:/Xilinx/Vivado/2019.1/bin/unwrapped/win64.o/xelab.exe -wto 397cc664c64549659af19e135808a8db --incr --debug typical --relax --mt 2 -L xil_defaultlib -L unisims_ver -L unimacro_ver -L secureip --snapshot up_down_counter_tb_behav xil_defaultlib.up_down_counter_tb xil_defaultlib.glbl -log elaborate.log 
Using 2 slave threads.
Starting static elaboration
Completed static elaboration
Starting simulation data flow analysis
Completed simulation data flow analysis
Time Resolution for simulation is 1ps
Compiling module xil_defaultlib.up_down_counter
Compiling module xil_defaultlib.up_down_counter_tb
Compiling module xil_defaultlib.glbl
Built simulation snapshot up_down_counter_tb_behav
INFO: [USF-XSim-69] 'elaborate' step finished in '3' seconds
INFO: [USF-XSim-4] XSim::Simulate design
INFO: [USF-XSim-61] Executing 'SIMULATE' step in 'C:/Users/yvvan/Documents/Research/Vivado_Verilog_Tutorial/lab9/lab9_2_1_up_down_counter/lab9_2_1.sim/sim_1/behav/xsim'
INFO: [USF-XSim-98] *** Running xsim
   with args "up_down_counter_tb_behav -key {Behavioral:sim_1:Functional:up_down_counter_tb} -tclbatch {up_down_counter_tb.tcl} -log {simulate.log}"
INFO: [USF-XSim-8] Loading simulator feature
Vivado Simulator 2019.1
Time resolution is 1 ps
source up_down_counter_tb.tcl
# set curr_wave [current_wave_config]
# if { [string length $curr_wave] == 0 } {
#   if { [llength [get_objects]] > 0} {
#     add_wave /
#     set_property needs_save false [current_wave_config]
#   } else {
#      send_msg_id Add_Wave-1 WARNING "No top level signals found. Simulator will start without a wave window. If you want to open a wave window go to 'File->New Waveform Configuration' or type 'create_wave_config' in the TCL console."
#   }
# }
# run 1000ns
INFO: [USF-XSim-96] XSim completed. Design snapshot 'up_down_counter_tb_behav' loaded.
INFO: [USF-XSim-97] XSim simulation ran for 1000ns
launch_simulation: Time (s): cpu = 00:00:03 ; elapsed = 00:00:07 . Memory (MB): peak = 1549.371 ; gain = 0.000
run 1000000 ns
$finish called at time : 200020 ns : File "C:/Users/yvvan/Documents/Research/Vivado_Verilog_Tutorial/lab9/lab9_2_1_up_down_counter/lab9_2_1.srcs/sim_1/new/up_down_counter_tb.v" Line 63
close_sim
INFO: [Simtcl 6-16] Simulation closed
launch_simulation
INFO: [Vivado 12-5682] Launching behavioral simulation in 'C:/Users/yvvan/Documents/Research/Vivado_Verilog_Tutorial/lab9/lab9_2_1_up_down_counter/lab9_2_1.sim/sim_1/behav/xsim'
INFO: [SIM-utils-51] Simulation object is 'sim_1'
INFO: [SIM-utils-54] Inspecting design source files for 'up_down_counter_tb' in fileset 'sim_1'...
INFO: [USF-XSim-97] Finding global include files...
INFO: [USF-XSim-98] Fetching design files from 'sim_1'...
INFO: [USF-XSim-2] XSim::Compile design
INFO: [USF-XSim-61] Executing 'COMPILE and ANALYZE' step in 'C:/Users/yvvan/Documents/Research/Vivado_Verilog_Tutorial/lab9/lab9_2_1_up_down_counter/lab9_2_1.sim/sim_1/behav/xsim'
"xvlog --incr --relax -prj up_down_counter_tb_vlog.prj"
INFO: [VRFC 10-2263] Analyzing Verilog file "C:/Users/yvvan/Documents/Research/Vivado_Verilog_Tutorial/lab9/lab9_2_1_up_down_counter/lab9_2_1.srcs/sources_1/new/up_down_counter.v" into library xil_defaultlib
INFO: [VRFC 10-311] analyzing module up_down_counter
INFO: [VRFC 10-2263] Analyzing Verilog file "C:/Users/yvvan/Documents/Research/Vivado_Verilog_Tutorial/lab9/lab9_2_1_up_down_counter/lab9_2_1.srcs/sim_1/new/up_down_counter_tb.v" into library xil_defaultlib
INFO: [VRFC 10-311] analyzing module up_down_counter_tb
INFO: [USF-XSim-69] 'compile' step finished in '1' seconds
INFO: [USF-XSim-3] XSim::Elaborate design
INFO: [USF-XSim-61] Executing 'ELABORATE' step in 'C:/Users/yvvan/Documents/Research/Vivado_Verilog_Tutorial/lab9/lab9_2_1_up_down_counter/lab9_2_1.sim/sim_1/behav/xsim'
"xelab -wto 397cc664c64549659af19e135808a8db --incr --debug typical --relax --mt 2 -L xil_defaultlib -L unisims_ver -L unimacro_ver -L secureip --snapshot up_down_counter_tb_behav xil_defaultlib.up_down_counter_tb xil_defaultlib.glbl -log elaborate.log"
Vivado Simulator 2019.1
Copyright 1986-1999, 2001-2019 Xilinx, Inc. All Rights Reserved.
Running: C:/Xilinx/Vivado/2019.1/bin/unwrapped/win64.o/xelab.exe -wto 397cc664c64549659af19e135808a8db --incr --debug typical --relax --mt 2 -L xil_defaultlib -L unisims_ver -L unimacro_ver -L secureip --snapshot up_down_counter_tb_behav xil_defaultlib.up_down_counter_tb xil_defaultlib.glbl -log elaborate.log 
Using 2 slave threads.
Starting static elaboration
Completed static elaboration
Starting simulation data flow analysis
Completed simulation data flow analysis
Time Resolution for simulation is 1ps
Compiling module xil_defaultlib.up_down_counter
Compiling module xil_defaultlib.up_down_counter_tb
Compiling module xil_defaultlib.glbl
Built simulation snapshot up_down_counter_tb_behav
INFO: [USF-XSim-69] 'elaborate' step finished in '2' seconds
INFO: [USF-XSim-4] XSim::Simulate design
INFO: [USF-XSim-61] Executing 'SIMULATE' step in 'C:/Users/yvvan/Documents/Research/Vivado_Verilog_Tutorial/lab9/lab9_2_1_up_down_counter/lab9_2_1.sim/sim_1/behav/xsim'
INFO: [USF-XSim-98] *** Running xsim
   with args "up_down_counter_tb_behav -key {Behavioral:sim_1:Functional:up_down_counter_tb} -tclbatch {up_down_counter_tb.tcl} -log {simulate.log}"
INFO: [USF-XSim-8] Loading simulator feature
Vivado Simulator 2019.1
Time resolution is 1 ps
source up_down_counter_tb.tcl
# set curr_wave [current_wave_config]
# if { [string length $curr_wave] == 0 } {
#   if { [llength [get_objects]] > 0} {
#     add_wave /
#     set_property needs_save false [current_wave_config]
#   } else {
#      send_msg_id Add_Wave-1 WARNING "No top level signals found. Simulator will start without a wave window. If you want to open a wave window go to 'File->New Waveform Configuration' or type 'create_wave_config' in the TCL console."
#   }
# }
# run 1000ns
INFO: [USF-XSim-96] XSim completed. Design snapshot 'up_down_counter_tb_behav' loaded.
INFO: [USF-XSim-97] XSim simulation ran for 1000ns
launch_simulation: Time (s): cpu = 00:00:02 ; elapsed = 00:00:06 . Memory (MB): peak = 1550.090 ; gain = 0.000
run 1000000 ns
run 1000000 ns
run 1000000 ns
save_wave_config {C:/Users/yvvan/Documents/Research/Vivado_Verilog_Tutorial/lab9/lab9_2_1_up_down_counter/up_down_counter_tb_behav.wcfg}
add_files -fileset sim_1 -norecurse C:/Users/yvvan/Documents/Research/Vivado_Verilog_Tutorial/lab9/lab9_2_1_up_down_counter/up_down_counter_tb_behav.wcfg
set_property xsim.view C:/Users/yvvan/Documents/Research/Vivado_Verilog_Tutorial/lab9/lab9_2_1_up_down_counter/up_down_counter_tb_behav.wcfg [get_filesets sim_1]
close_sim
INFO: [Simtcl 6-16] Simulation closed
exit
INFO: [Common 17-206] Exiting Vivado at Thu Mar 24 19:07:08 2022...
