#-----------------------------------------------------------
# Vivado v2019.1 (64-bit)
# SW Build 2552052 on Fri May 24 14:49:42 MDT 2019
# IP Build 2548770 on Fri May 24 18:01:18 MDT 2019
# Start of session at: Thu Feb 17 13:26:36 2022
# Process ID: 21284
# Current directory: C:/Users/yvvan/Documents/Research/Vivado_Verilog_Tutorial/lab1/lab1_1_2
# Command line: vivado.exe -gui_launcher_event rodinguilauncherevent15532 C:\Users\yvvan\Documents\Research\Vivado_Verilog_Tutorial\lab1\lab1_1_2\lab1_1_2.xpr
# Log file: C:/Users/yvvan/Documents/Research/Vivado_Verilog_Tutorial/lab1/lab1_1_2/vivado.log
# Journal file: C:/Users/yvvan/Documents/Research/Vivado_Verilog_Tutorial/lab1/lab1_1_2\vivado.jou
#-----------------------------------------------------------
start_gui
open_project C:/Users/yvvan/Documents/Research/Vivado_Verilog_Tutorial/lab1/lab1_1_2/lab1_1_2.xpr
Scanning sources...
Finished scanning sources
INFO: [IP_Flow 19-234] Refreshing IP repositories
INFO: [IP_Flow 19-1704] No user IP repositories specified
INFO: [IP_Flow 19-2313] Loaded Vivado IP repository 'C:/Xilinx/Vivado/2019.1/data/ip'.
open_project: Time (s): cpu = 00:00:22 ; elapsed = 00:00:09 . Memory (MB): peak = 857.445 ; gain = 221.570
update_compile_order -fileset sources_1
exit
INFO: [Common 17-206] Exiting Vivado at Thu Feb 17 13:27:26 2022...
