#-----------------------------------------------------------
# Vivado v2019.1 (64-bit)
# SW Build 2552052 on Fri May 24 14:49:42 MDT 2019
# IP Build 2548770 on Fri May 24 18:01:18 MDT 2019
# Start of session at: Mon Feb 21 03:22:17 2022
# Process ID: 2356
# Current directory: C:/Users/yvvan/Documents/Research/Vivado_Verilog_Tutorial/lab1/lab1_4_1_mux_3_1
# Command line: vivado.exe -gui_launcher_event rodinguilauncherevent8712 C:\Users\yvvan\Documents\Research\Vivado_Verilog_Tutorial\lab1\lab1_4_1_mux_3_1\lab1_4_1.xpr
# Log file: C:/Users/yvvan/Documents/Research/Vivado_Verilog_Tutorial/lab1/lab1_4_1_mux_3_1/vivado.log
# Journal file: C:/Users/yvvan/Documents/Research/Vivado_Verilog_Tutorial/lab1/lab1_4_1_mux_3_1\vivado.jou
#-----------------------------------------------------------
start_gui
open_project C:/Users/yvvan/Documents/Research/Vivado_Verilog_Tutorial/lab1/lab1_4_1_mux_3_1/lab1_4_1.xpr
INFO: [Project 1-313] Project file moved from 'C:/Users/yvvan/Documents/Research/Vivado_Verilog_Tutorial/lab1/lab1_4_1' since last save.
CRITICAL WARNING: [Project 1-311] Could not find the file 'C:/Users/yvvan/Documents/Research/Vivado_Verilog_Tutorial/lab1/lab1_4_1_mux_3_1/lab1_4_1.srcs/sources_1/new/behavioral_mux.v', nor could it be found using path 'C:/Users/yvvan/Documents/Research/Vivado_Verilog_Tutorial/lab1/lab1_4_1/lab1_4_1.srcs/sources_1/new/behavioral_mux.v'.
CRITICAL WARNING: [Project 1-311] Could not find the file 'C:/Users/yvvan/Documents/Research/Vivado_Verilog_Tutorial/lab1/lab1_4_1_mux_3_1/lab1_4_1.srcs/sources_1/new/lab1_4_1.v', nor could it be found using path 'C:/Users/yvvan/Documents/Research/Vivado_Verilog_Tutorial/lab1/lab1_4_1/lab1_4_1.srcs/sources_1/new/lab1_4_1.v'.
CRITICAL WARNING: [Project 1-311] Could not find the file 'C:/Users/yvvan/Documents/Research/Vivado_Verilog_Tutorial/lab1/lab1_4_1_mux_3_1/lab1_3_1.v', nor could it be found using path 'C:/Users/yvvan/Documents/Research/Vivado_Verilog_Tutorial/lab1/lab1_4_1/lab1_3_1.v'.
Scanning sources...
Finished scanning sources
INFO: [IP_Flow 19-234] Refreshing IP repositories
INFO: [IP_Flow 19-1704] No user IP repositories specified
INFO: [IP_Flow 19-2313] Loaded Vivado IP repository 'C:/Xilinx/Vivado/2019.1/data/ip'.
open_project: Time (s): cpu = 00:00:34 ; elapsed = 00:00:16 . Memory (MB): peak = 828.637 ; gain = 188.730
update_compile_order -fileset sources_1
adexit
INFO: [Common 17-206] Exiting Vivado at Mon Feb 21 03:25:33 2022...
rial/lab1/lab1_4_1_mux_3_1/lab1_4_1.srcs/sources_1/new/mux_3_1.v C:/Users/yvvan/Documents/Research/Vivado_Verilog_Tutorial/lab1/lab1_4_1_mux_3_1/lab1_4_1.srcs/sources_1/new/mux_2_1_behavioral.v}
update_compile_order -fileset sources_1
export_ip_user_files -of_objects  [get_files C:/Users/yvvan/Documents/Research/Vivado_Verilog_Tutorial/lab1/lab1_4_1_mux_3_1/lab1_4_1.srcs/sources_1/new/behavioral_mux.v] -no_script -reset -force -quiet
remove_files  C:/Users/yvvan/Documents/Research/Vivado_Verilog_Tutorial/lab1/lab1_4_1_mux_3_1/lab1_4_1.srcs/sources_1/new/behavioral_mux.v
export_ip_user_files -of_objects  [get_files C:/Users/yvvan/Documents/Research/Vivado_Verilog_Tutorial/lab1/lab1_4_1_mux_3_1/lab1_3_1.v] -no_script -reset -force -quiet
remove_files  C:/Users/yvvan/Documents/Research/Vivado_Verilog_Tutorial/lab1/lab1_4_1_mux_3_1/lab1_3_1.v
export_ip_user_files -of_objects  [get_files C:/Users/yvvan/Documents/Research/Vivado_Verilog_Tutorial/lab1/lab1_4_1_mux_3_1/lab1_4_1.srcs/sources_1/new/lab1_4_1.v] -no_script -reset -force -quiet
remove_files  C:/Users/yvvan/Documents/Research/Vivado_Verilog_Tutorial/lab1/lab1_4_1_mux_3_1/lab1_4_1.srcs/sources_1/new/lab1_4_1.v
synth_design -rtl -name rtl_1
Command: synth_design -rtl -name rtl_1
Starting synth_design
Using part: xc7a35tcpg236-1
Top: mux_3_1
INFO: [Device 21-403] Loading part xc7a35tcpg236-1
WARNING: [Synth 8-2490] overwriting previous definition of module mux_2_1_behavioral [C:/Users/yvvan/Documents/Research/Vivado_Verilog_Tutorial/lab1/lab1_4_1_mux_3_1/lab1_4_1.srcs/sources_1/new/mux_2_1_behavioral.v:23]
---------------------------------------------------------------------------------
Starting RTL Elaboration : Time (s): cpu = 00:00:04 ; elapsed = 00:00:04 . Memory (MB): peak = 1259.824 ; gain = 168.816
---------------------------------------------------------------------------------
INFO: [Synth 8-6157] synthesizing module 'mux_3_1' [C:/Users/yvvan/Documents/Research/Vivado_Verilog_Tutorial/lab1/lab1_4_1_mux_3_1/lab1_4_1.srcs/sources_1/new/mux_3_1.v:23]
INFO: [Synth 8-6157] synthesizing module 'mux_2_1_behavioral' [C:/Users/yvvan/Documents/Research/Vivado_Verilog_Tutorial/lab1/lab1_4_1_mux_3_1/lab1_4_1.srcs/sources_1/new/mux_2_1_behavioral.v:23]
INFO: [Synth 8-6155] done synthesizing module 'mux_2_1_behavioral' (1#1) [C:/Users/yvvan/Documents/Research/Vivado_Verilog_Tutorial/lab1/lab1_4_1_mux_3_1/lab1_4_1.srcs/sources_1/new/mux_2_1_behavioral.v:23]
INFO: [Synth 8-6155] done synthesizing module 'mux_3_1' (2#1) [C:/Users/yvvan/Documents/Research/Vivado_Verilog_Tutorial/lab1/lab1_4_1_mux_3_1/lab1_4_1.srcs/sources_1/new/mux_3_1.v:23]
---------------------------------------------------------------------------------
Finished RTL Elaboration : Time (s): cpu = 00:00:05 ; elapsed = 00:00:05 . Memory (MB): peak = 1299.570 ; gain = 208.562
---------------------------------------------------------------------------------

Report Check Netlist: 
+------+------------------+-------+---------+-------+------------------+
|      |Item              |Errors |Warnings |Status |Description       |
+------+------------------+-------+---------+-------+------------------+
|1     |multi_driven_nets |      0|        0|Passed |Multi driven nets |
+------+------------------+-------+---------+-------+------------------+
---------------------------------------------------------------------------------
Start Handling Custom Attributes
---------------------------------------------------------------------------------
---------------------------------------------------------------------------------
Finished Handling Custom Attributes : Time (s): cpu = 00:00:05 ; elapsed = 00:00:06 . Memory (MB): peak = 1322.852 ; gain = 231.844
---------------------------------------------------------------------------------
---------------------------------------------------------------------------------
Finished RTL Optimization Phase 1 : Time (s): cpu = 00:00:05 ; elapsed = 00:00:06 . Memory (MB): peak = 1322.852 ; gain = 231.844
---------------------------------------------------------------------------------
INFO: [Project 1-570] Preparing netlist for logic optimization

Processing XDC Constraints
Initializing timing engine
Parsing XDC File [C:/Users/yvvan/Documents/Research/Vivado_Verilog_Tutorial/lab1/lab1_4_1_mux_3_1/Basys3_Master.xdc]
Finished Parsing XDC File [C:/Users/yvvan/Documents/Research/Vivado_Verilog_Tutorial/lab1/lab1_4_1_mux_3_1/Basys3_Master.xdc]
Completed Processing XDC Constraints

INFO: [Opt 31-138] Pushed 0 inverter(s) to 0 load pin(s).
Netlist sorting complete. Time (s): cpu = 00:00:00 ; elapsed = 00:00:00 . Memory (MB): peak = 1366.590 ; gain = 0.000
INFO: [Project 1-111] Unisim Transformation Summary:
No Unisim elements were transformed.

RTL Elaboration Complete:  : Time (s): cpu = 00:00:23 ; elapsed = 00:00:12 . Memory (MB): peak = 1464.941 ; gain = 373.934
8 Infos, 1 Warnings, 0 Critical Warnings and 0 Errors encountered.
synth_design completed successfully
synth_design: Time (s): cpu = 00:00:30 ; elapsed = 00:00:20 . Memory (MB): peak = 1464.941 ; gain = 589.945
exit
INFO: [Common 17-206] Exiting Vivado at Mon Feb 21 03:25:11 2022...
